{"meta": {"format": 3, "version": "7.13.4", "timestamp": "2026-04-04T11:23:28.696591", "branch_coverage": false, "show_contexts": false}, "files": {"src/siof/__init__.py": {"executed_lines": [3, 7], "summary": {"covered_lines": 2, "num_statements": 2, "percent_covered": 100.0, "percent_covered_display": "100", "missing_lines": 0, "excluded_lines": 0, "percent_statements_covered": 100.0, "percent_statements_covered_display": "100"}, "missing_lines": [], "excluded_lines": [], "functions": {"": {"executed_lines": [3, 7], "summary": {"covered_lines": 2, "num_statements": 2, "percent_covered": 100.0, "percent_covered_display": "100", "missing_lines": 0, "excluded_lines": 0, "percent_statements_covered": 100.0, "percent_statements_covered_display": "100"}, "missing_lines": [], "excluded_lines": [], "start_line": 1}}, "classes": {"": {"executed_lines": [3, 7], "summary": {"covered_lines": 2, "num_statements": 2, "percent_covered": 100.0, "percent_covered_display": "100", "missing_lines": 0, "excluded_lines": 0, "percent_statements_covered": 100.0, "percent_statements_covered_display": "100"}, "missing_lines": [], "excluded_lines": [], "start_line": 1}}}, "src/siof/__main__.py": {"executed_lines": [], "summary": {"covered_lines": 0, "num_statements": 2, "percent_covered": 0.0, "percent_covered_display": "0", "missing_lines": 2, "excluded_lines": 0, "percent_statements_covered": 0.0, "percent_statements_covered_display": "0"}, "missing_lines": [1, 3], "excluded_lines": [], "functions": {"": {"executed_lines": [], "summary": {"covered_lines": 0, "num_statements": 2, "percent_covered": 0.0, "percent_covered_display": "0", "missing_lines": 2, "excluded_lines": 0, "percent_statements_covered": 0.0, "percent_statements_covered_display": "0"}, "missing_lines": [1, 3], "excluded_lines": [], "start_line": 1}}, "classes": {"": {"executed_lines": [], "summary": {"covered_lines": 0, "num_statements": 2, "percent_covered": 0.0, "percent_covered_display": "0", "missing_lines": 2, "excluded_lines": 0, "percent_statements_covered": 0.0, "percent_statements_covered_display": "0"}, "missing_lines": [1, 3], "excluded_lines": [], "start_line": 1}}}, "src/siof/cli.py": {"executed_lines": [1, 3, 4, 5, 6, 7, 9, 10, 11, 12, 13, 15, 18, 19, 20, 24, 25, 26, 27, 28, 30, 31, 32, 33, 37, 38, 39, 40, 49, 50, 51, 52, 55, 57, 58, 61, 62, 63, 64, 65, 74, 76, 79, 89, 90, 91, 92, 93, 94, 95, 97, 98, 101, 102, 103, 104, 105, 107, 108, 109, 110, 111, 113, 114, 117, 118, 119, 121, 123, 124, 125, 126, 127, 128, 129, 130, 132, 133, 134, 135, 136, 137, 138, 140, 141, 142, 143, 145, 146, 147, 148, 149, 150, 151, 153, 154, 155, 156, 157, 158, 159, 160, 162, 165, 166, 167, 170, 171, 176, 177, 178, 181], "summary": {"covered_lines": 112, "num_statements": 126, "percent_covered": 88.88888888888889, "percent_covered_display": "89", "missing_lines": 14, "excluded_lines": 0, "percent_statements_covered": 88.88888888888889, "percent_statements_covered_display": "89"}, "missing_lines": [21, 41, 42, 43, 44, 48, 80, 81, 82, 83, 85, 86, 106, 182], "excluded_lines": [], "functions": {"_db_path": {"executed_lines": [19, 20], "summary": {"covered_lines": 2, "num_statements": 3, "percent_covered": 66.66666666666667, "percent_covered_display": "67", "missing_lines": 1, "excluded_lines": 0, "percent_statements_covered": 66.66666666666667, "percent_statements_covered_display": "67"}, "missing_lines": [21], "excluded_lines": [], "start_line": 18}, "cmd_index": {"executed_lines": [25, 26, 27, 28, 30, 31, 32, 33, 37, 38, 39, 40, 49, 50, 51, 52, 55, 57, 58], "summary": {"covered_lines": 19, "num_statements": 24, "percent_covered": 79.16666666666667, "percent_covered_display": "79", "missing_lines": 5, "excluded_lines": 0, "percent_statements_covered": 79.16666666666667, "percent_statements_covered_display": "79"}, "missing_lines": [41, 42, 43, 44, 48], "excluded_lines": [], "start_line": 24}, "cmd_slop": {"executed_lines": [62, 63, 64, 65, 74, 76], "summary": {"covered_lines": 6, "num_statements": 6, "percent_covered": 100.0, "percent_covered_display": "100", "missing_lines": 0, "excluded_lines": 0, "percent_statements_covered": 100.0, "percent_statements_covered_display": "100"}, "missing_lines": [], "excluded_lines": [], "start_line": 61}, "cmd_mcp": {"executed_lines": [], "summary": {"covered_lines": 0, "num_statements": 6, "percent_covered": 0.0, "percent_covered_display": "0", "missing_lines": 6, "excluded_lines": 0, "percent_statements_covered": 0.0, "percent_statements_covered_display": "0"}, "missing_lines": [80, 81, 82, 83, 85, 86], "excluded_lines": [], "start_line": 79}, "cmd_memex": {"executed_lines": [90, 91, 92, 93, 94, 95, 97, 98], "summary": {"covered_lines": 8, "num_statements": 8, "percent_covered": 100.0, "percent_covered_display": "100", "missing_lines": 0, "excluded_lines": 0, "percent_statements_covered": 100.0, "percent_statements_covered_display": "100"}, "missing_lines": [], "excluded_lines": [], "start_line": 89}, "cmd_green": {"executed_lines": [102, 103, 104, 105, 107, 108, 109, 110, 111, 113, 114], "summary": {"covered_lines": 11, "num_statements": 12, "percent_covered": 91.66666666666667, "percent_covered_display": "92", "missing_lines": 1, "excluded_lines": 0, "percent_statements_covered": 91.66666666666667, "percent_statements_covered_display": "92"}, "missing_lines": [106], "excluded_lines": [], "start_line": 101}, "build_parser": {"executed_lines": [118, 119, 121, 123, 124, 125, 126, 127, 128, 129, 130, 132, 133, 134, 135, 136, 137, 138, 140, 141, 142, 143, 145, 146, 147, 148, 149, 150, 151, 153, 154, 155, 156, 157, 158, 159, 160, 162], "summary": {"covered_lines": 38, "num_statements": 38, "percent_covered": 100.0, "percent_covered_display": "100", "missing_lines": 0, "excluded_lines": 0, "percent_statements_covered": 100.0, "percent_statements_covered_display": "100"}, "missing_lines": [], "excluded_lines": [], "start_line": 117}, "main": {"executed_lines": [166, 167, 170, 171, 176, 177, 178], "summary": {"covered_lines": 7, "num_statements": 7, "percent_covered": 100.0, "percent_covered_display": "100", "missing_lines": 0, "excluded_lines": 0, "percent_statements_covered": 100.0, "percent_statements_covered_display": "100"}, "missing_lines": [], "excluded_lines": [], "start_line": 165}, "": {"executed_lines": [1, 3, 4, 5, 6, 7, 9, 10, 11, 12, 13, 15, 18, 24, 61, 79, 89, 101, 117, 165, 181], "summary": {"covered_lines": 21, "num_statements": 22, "percent_covered": 95.45454545454545, "percent_covered_display": "95", "missing_lines": 1, "excluded_lines": 0, "percent_statements_covered": 95.45454545454545, "percent_statements_covered_display": "95"}, "missing_lines": [182], "excluded_lines": [], "start_line": 1}}, "classes": {"": {"executed_lines": [1, 3, 4, 5, 6, 7, 9, 10, 11, 12, 13, 15, 18, 19, 20, 24, 25, 26, 27, 28, 30, 31, 32, 33, 37, 38, 39, 40, 49, 50, 51, 52, 55, 57, 58, 61, 62, 63, 64, 65, 74, 76, 79, 89, 90, 91, 92, 93, 94, 95, 97, 98, 101, 102, 103, 104, 105, 107, 108, 109, 110, 111, 113, 114, 117, 118, 119, 121, 123, 124, 125, 126, 127, 128, 129, 130, 132, 133, 134, 135, 136, 137, 138, 140, 141, 142, 143, 145, 146, 147, 148, 149, 150, 151, 153, 154, 155, 156, 157, 158, 159, 160, 162, 165, 166, 167, 170, 171, 176, 177, 178, 181], "summary": {"covered_lines": 112, "num_statements": 126, "percent_covered": 88.88888888888889, "percent_covered_display": "89", "missing_lines": 14, "excluded_lines": 0, "percent_statements_covered": 88.88888888888889, "percent_statements_covered_display": "89"}, "missing_lines": [21, 41, 42, 43, 44, 48, 80, 81, 82, 83, 85, 86, 106, 182], "excluded_lines": [], "start_line": 1}}}, "src/siof/deslopper.py": {"executed_lines": [1, 3, 4, 5, 6, 7, 9, 10, 12, 14, 27, 28, 29, 30, 33, 36, 37, 38, 39, 40, 42, 43, 45, 53, 54, 55, 56, 58, 59, 60, 65, 66, 67, 68, 69, 70, 71, 72, 73, 76, 77, 78, 79, 81, 83, 84, 85, 86, 88, 89, 91, 92, 98, 100, 101, 104, 105, 106, 107, 108, 109, 119, 124, 133, 134, 143, 146, 147, 148, 149, 160, 164, 165, 166, 177, 180, 182, 184, 185, 186, 188, 190, 191, 192, 194, 196, 197, 198, 200, 201, 203, 204, 205, 206, 207, 208, 210, 211, 212, 213, 214, 215, 224, 225, 226, 236, 238, 239, 242, 263, 265, 267, 269, 270, 271, 272, 273, 276, 277, 278, 279, 280, 281, 282, 283, 284, 285, 288, 289, 291, 292, 293, 294, 295, 296, 297, 306], "summary": {"covered_lines": 137, "num_statements": 144, "percent_covered": 95.13888888888889, "percent_covered_display": "95", "missing_lines": 7, "excluded_lines": 0, "percent_statements_covered": 95.13888888888889, "percent_statements_covered_display": "95"}, "missing_lines": [61, 62, 63, 74, 75, 187, 227], "excluded_lines": [], "functions": {"DeSlopper.__init__": {"executed_lines": [37, 38, 39, 40], "summary": {"covered_lines": 4, "num_statements": 4, "percent_covered": 100.0, "percent_covered_display": "100", "missing_lines": 0, "excluded_lines": 0, "percent_statements_covered": 100.0, "percent_statements_covered_display": "100"}, "missing_lines": [], "excluded_lines": [], "start_line": 36}, "DeSlopper.close": {"executed_lines": [43], "summary": {"covered_lines": 1, "num_statements": 1, "percent_covered": 100.0, "percent_covered_display": "100", "missing_lines": 0, "excluded_lines": 0, "percent_statements_covered": 100.0, "percent_statements_covered_display": "100"}, "missing_lines": [], "excluded_lines": [], "start_line": 42}, "DeSlopper.run": {"executed_lines": [53, 54, 55, 56, 58, 59, 60, 65, 66, 67, 68, 69, 70, 71, 72, 73, 76, 77, 78, 79, 81, 83, 84, 85, 86, 88, 89], "summary": {"covered_lines": 27, "num_statements": 32, "percent_covered": 84.375, "percent_covered_display": "84", "missing_lines": 5, "excluded_lines": 0, "percent_statements_covered": 84.375, "percent_statements_covered_display": "84"}, "missing_lines": [61, 62, 63, 74, 75], "excluded_lines": [], "start_line": 45}, "DeSlopper._python_files": {"executed_lines": [92], "summary": {"covered_lines": 1, "num_statements": 1, "percent_covered": 100.0, "percent_covered_display": "100", "missing_lines": 0, "excluded_lines": 0, "percent_statements_covered": 100.0, "percent_statements_covered_display": "100"}, "missing_lines": [], "excluded_lines": [], "start_line": 91}, "DeSlopper._scan_file": {"executed_lines": [100, 101, 104, 105, 106, 107, 108, 109, 119, 124, 133, 134, 143, 146, 147, 148, 149, 160, 164, 165, 166, 177, 180, 182], "summary": {"covered_lines": 24, "num_statements": 24, "percent_covered": 100.0, "percent_covered_display": "100", "missing_lines": 0, "excluded_lines": 0, "percent_statements_covered": 100.0, "percent_statements_covered_display": "100"}, "missing_lines": [], "excluded_lines": [], "start_line": 98}, "DeSlopper._handler_has_only_pass": {"executed_lines": [186, 188], "summary": {"covered_lines": 2, "num_statements": 3, "percent_covered": 66.66666666666667, "percent_covered_display": "67", "missing_lines": 1, "excluded_lines": 0, "percent_statements_covered": 66.66666666666667, "percent_statements_covered_display": "67"}, "missing_lines": [187], "excluded_lines": [], "start_line": 185}, "DeSlopper._autofix": {"executed_lines": [191, 192, 194, 200, 201], "summary": {"covered_lines": 5, "num_statements": 5, "percent_covered": 100.0, "percent_covered_display": "100", "missing_lines": 0, "excluded_lines": 0, "percent_statements_covered": 100.0, "percent_statements_covered_display": "100"}, "missing_lines": [], "excluded_lines": [], "start_line": 190}, "DeSlopper._autofix.repl": {"executed_lines": [196, 197, 198], "summary": {"covered_lines": 3, "num_statements": 3, "percent_covered": 100.0, "percent_covered_display": "100", "missing_lines": 0, "excluded_lines": 0, "percent_statements_covered": 100.0, "percent_statements_covered_display": "100"}, "missing_lines": [], "excluded_lines": [], "start_line": 194}, "DeSlopper._hallucinated_import_findings": {"executed_lines": [204, 205, 206, 207, 208, 210, 211, 212, 213, 214, 215, 224, 225, 226, 236], "summary": {"covered_lines": 15, "num_statements": 16, "percent_covered": 93.75, "percent_covered_display": "94", "missing_lines": 1, "excluded_lines": 0, "percent_statements_covered": 93.75, "percent_statements_covered_display": "94"}, "missing_lines": [227], "excluded_lines": [], "start_line": 203}, "DeSlopper._is_suspicious_import": {"executed_lines": [242, 263, 265], "summary": {"covered_lines": 3, "num_statements": 3, "percent_covered": 100.0, "percent_covered_display": "100", "missing_lines": 0, "excluded_lines": 0, "percent_statements_covered": 100.0, "percent_statements_covered_display": "100"}, "missing_lines": [], "excluded_lines": [], "start_line": 239}, "DeSlopper._unused_import_findings": {"executed_lines": [269, 270, 271, 272, 273, 276, 277, 278, 279, 280, 281, 282, 283, 284, 285, 288, 289, 291, 292, 293, 294, 295, 296, 297, 306], "summary": {"covered_lines": 25, "num_statements": 25, "percent_covered": 100.0, "percent_covered_display": "100", "missing_lines": 0, "excluded_lines": 0, "percent_statements_covered": 100.0, "percent_statements_covered_display": "100"}, "missing_lines": [], "excluded_lines": [], "start_line": 267}, "": {"executed_lines": [1, 3, 4, 5, 6, 7, 9, 10, 12, 14, 27, 28, 29, 30, 33, 36, 42, 45, 91, 98, 184, 185, 190, 203, 238, 239, 267], "summary": {"covered_lines": 27, "num_statements": 27, "percent_covered": 100.0, "percent_covered_display": "100", "missing_lines": 0, "excluded_lines": 0, "percent_statements_covered": 100.0, "percent_statements_covered_display": "100"}, "missing_lines": [], "excluded_lines": [], "start_line": 1}}, "classes": {"SlopResult": {"executed_lines": [], "summary": {"covered_lines": 0, "num_statements": 0, "percent_covered": 100.0, "percent_covered_display": "100", "missing_lines": 0, "excluded_lines": 0, "percent_statements_covered": 100.0, "percent_statements_covered_display": "100"}, "missing_lines": [], "excluded_lines": [], "start_line": 28}, "DeSlopper": {"executed_lines": [37, 38, 39, 40, 43, 53, 54, 55, 56, 58, 59, 60, 65, 66, 67, 68, 69, 70, 71, 72, 73, 76, 77, 78, 79, 81, 83, 84, 85, 86, 88, 89, 92, 100, 101, 104, 105, 106, 107, 108, 109, 119, 124, 133, 134, 143, 146, 147, 148, 149, 160, 164, 165, 166, 177, 180, 182, 186, 188, 191, 192, 194, 196, 197, 198, 200, 201, 204, 205, 206, 207, 208, 210, 211, 212, 213, 214, 215, 224, 225, 226, 236, 242, 263, 265, 269, 270, 271, 272, 273, 276, 277, 278, 279, 280, 281, 282, 283, 284, 285, 288, 289, 291, 292, 293, 294, 295, 296, 297, 306], "summary": {"covered_lines": 110, "num_statements": 117, "percent_covered": 94.01709401709402, "percent_covered_display": "94", "missing_lines": 7, "excluded_lines": 0, "percent_statements_covered": 94.01709401709402, "percent_statements_covered_display": "94"}, "missing_lines": [61, 62, 63, 74, 75, 187, 227], "excluded_lines": [], "start_line": 33}, "": {"executed_lines": [1, 3, 4, 5, 6, 7, 9, 10, 12, 14, 27, 28, 29, 30, 33, 36, 42, 45, 91, 98, 184, 185, 190, 203, 238, 239, 267], "summary": {"covered_lines": 27, "num_statements": 27, "percent_covered": 100.0, "percent_covered_display": "100", "missing_lines": 0, "excluded_lines": 0, "percent_statements_covered": 100.0, "percent_statements_covered_display": "100"}, "missing_lines": [], "excluded_lines": [], "start_line": 1}}}, "src/siof/free_threaded_indexer.py": {"executed_lines": [8, 10, 11, 12, 13, 14, 15, 16, 18, 21, 22, 27, 30, 31, 40, 41, 42, 43, 46, 47, 55, 56, 57, 60, 61, 74, 75, 76, 77, 78, 79, 80, 81, 84, 85, 98, 99, 100, 101, 102, 103, 104, 105, 108, 111, 112, 118, 121, 122, 132, 133, 134, 135, 136, 138, 140, 141, 150, 159, 160, 169, 170, 171, 172, 175, 184, 203, 210, 211, 212, 213, 214, 215, 217, 224, 225, 228, 231, 232, 234, 240, 241, 242, 243, 244, 248, 249, 251, 260, 262, 263, 264, 265, 266, 268, 269, 271, 275, 277, 278, 281, 282, 285, 286, 287, 290, 291, 294, 296, 302, 303, 307, 309, 312, 313, 315, 316, 320, 322, 331, 333, 334, 335, 336, 337, 344, 357, 359, 360, 362, 375, 377, 378, 380, 391, 392, 395, 403, 404, 419, 420, 421, 422, 423, 425, 426, 427, 430, 431, 432, 434, 435, 436, 437, 438, 450, 451, 452, 454, 455, 456, 457, 458, 486, 487, 496, 497, 505, 506, 507, 509, 510, 511, 512, 513, 541, 543, 544, 547, 550, 551, 552, 553, 554, 557, 559, 560, 561, 562, 563, 565, 566, 567, 571, 572, 580, 581, 586, 589, 591, 592, 621, 634, 641, 642, 643, 644, 646, 660, 665, 668, 669, 670, 671, 672, 673, 675, 676, 679, 695, 705, 707, 709, 710, 711, 713, 716, 717, 719, 720, 723, 737, 739, 740, 741, 742, 744, 759, 760, 762, 767, 768, 771, 774, 776, 781, 793, 794, 800, 801, 803, 805, 812, 813, 817, 819, 825, 827, 844, 847, 850, 853, 854, 860, 861, 869, 870, 875, 876, 880, 882, 885, 896, 903, 905, 906, 907, 908, 909, 911, 921, 923, 924, 926, 927, 929, 930, 931, 933, 934, 935, 937, 944, 945, 947, 957, 958, 965, 967, 976, 986, 1003, 1005, 1007, 1008, 1009, 1010, 1013, 1016, 1017, 1018, 1020, 1023, 1030, 1035, 1041, 1042, 1048, 1053, 1054, 1056, 1062, 1066, 1067, 1073, 1089, 1091, 1092, 1095, 1096, 1097, 1098, 1100, 1101, 1109, 1110, 1113, 1123, 1124, 1125, 1126, 1127, 1131, 1132, 1133, 1138, 1140, 1141, 1142, 1143, 1144, 1145, 1146, 1147, 1148, 1150, 1151, 1154, 1155, 1158, 1160, 1161, 1163, 1171, 1172, 1178, 1192, 1194, 1197, 1200, 1202, 1203, 1204, 1205, 1215, 1216, 1219, 1229, 1230, 1231, 1234, 1235, 1236, 1241, 1242, 1243, 1244, 1245, 1246, 1249, 1250, 1252, 1253, 1256, 1259, 1260, 1263, 1265, 1270, 1273, 1278, 1281, 1294, 1298, 1299, 1300, 1301, 1303, 1305, 1306, 1308, 1317, 1318, 1324], "summary": {"covered_lines": 414, "num_statements": 487, "percent_covered": 85.01026694045174, "percent_covered_display": "85", "missing_lines": 73, "excluded_lines": 0, "percent_statements_covered": 85.01026694045174, "percent_statements_covered_display": "85"}, "missing_lines": [23, 25, 245, 246, 272, 273, 292, 293, 297, 298, 299, 304, 305, 310, 317, 318, 338, 339, 340, 468, 470, 471, 472, 473, 474, 488, 490, 491, 492, 493, 498, 499, 500, 501, 502, 523, 525, 526, 527, 528, 529, 568, 569, 582, 603, 605, 606, 607, 608, 609, 718, 1024, 1063, 1064, 1198, 1247, 1330, 1332, 1333, 1340, 1341, 1342, 1344, 1345, 1346, 1347, 1348, 1349, 1351, 1352, 1353, 1354, 1355], "excluded_lines": [], "functions": {"VersionDetector.detect": {"executed_lines": [118, 121, 122, 132, 133, 134, 135, 136, 138, 140, 141, 150], "summary": {"covered_lines": 12, "num_statements": 12, "percent_covered": 100.0, "percent_covered_display": "100", "missing_lines": 0, "excluded_lines": 0, "percent_statements_covered": 100.0, "percent_statements_covered_display": "100"}, "missing_lines": [], "excluded_lines": [], "start_line": 112}, "ParallelFileDiscovery.__init__": {"executed_lines": [210, 211, 212, 213, 214, 215], "summary": {"covered_lines": 6, "num_statements": 6, "percent_covered": 100.0, "percent_covered_display": "100", "missing_lines": 0, "excluded_lines": 0, "percent_statements_covered": 100.0, "percent_statements_covered_display": "100"}, "missing_lines": [], "excluded_lines": [], "start_line": 203}, "ParallelFileDiscovery.discover": {"executed_lines": [224, 225, 228, 231, 232, 234, 240, 241, 242, 243, 244, 248, 249], "summary": {"covered_lines": 13, "num_statements": 15, "percent_covered": 86.66666666666667, "percent_covered_display": "87", "missing_lines": 2, "excluded_lines": 0, "percent_statements_covered": 86.66666666666667, "percent_statements_covered_display": "87"}, "missing_lines": [245, 246], "excluded_lines": [], "start_line": 217}, "ParallelFileDiscovery._process_directory": {"executed_lines": [260, 262, 263, 264, 265, 266, 268, 269, 271, 275, 277, 278, 281, 282, 285, 286, 287, 290, 291, 294, 296, 302, 303, 307, 309, 312, 313, 315, 316, 320], "summary": {"covered_lines": 30, "num_statements": 42, "percent_covered": 71.42857142857143, "percent_covered_display": "71", "missing_lines": 12, "excluded_lines": 0, "percent_statements_covered": 71.42857142857143, "percent_statements_covered_display": "71"}, "missing_lines": [272, 273, 292, 293, 297, 298, 299, 304, 305, 310, 317, 318], "excluded_lines": [], "start_line": 251}, "ParallelFileDiscovery._extract_file_metadata": {"executed_lines": [331, 333, 334, 335, 336, 337], "summary": {"covered_lines": 6, "num_statements": 9, "percent_covered": 66.66666666666667, "percent_covered_display": "67", "missing_lines": 3, "excluded_lines": 0, "percent_statements_covered": 66.66666666666667, "percent_statements_covered_display": "67"}, "missing_lines": [338, 339, 340], "excluded_lines": [], "start_line": 322}, "LockFreeSymbolTable.__init__": {"executed_lines": [359, 360], "summary": {"covered_lines": 2, "num_statements": 2, "percent_covered": 100.0, "percent_covered_display": "100", "missing_lines": 0, "excluded_lines": 0, "percent_statements_covered": 100.0, "percent_statements_covered_display": "100"}, "missing_lines": [], "excluded_lines": [], "start_line": 357}, "LockFreeSymbolTable.add_symbol": {"executed_lines": [375, 377, 378], "summary": {"covered_lines": 3, "num_statements": 3, "percent_covered": 100.0, "percent_covered_display": "100", "missing_lines": 0, "excluded_lines": 0, "percent_statements_covered": 100.0, "percent_statements_covered_display": "100"}, "missing_lines": [], "excluded_lines": [], "start_line": 362}, "LockFreeSymbolTable.get_all_symbols": {"executed_lines": [391, 392], "summary": {"covered_lines": 2, "num_statements": 2, "percent_covered": 100.0, "percent_covered_display": "100", "missing_lines": 0, "excluded_lines": 0, "percent_statements_covered": 100.0, "percent_statements_covered_display": "100"}, "missing_lines": [], "excluded_lines": [], "start_line": 380}, "ParseWorker.parse": {"executed_lines": [419, 420, 421, 422, 423, 425, 426, 427, 430, 431, 432, 434, 435, 436, 437, 438, 450, 451, 452, 454, 455, 456, 457, 458, 486, 487, 496, 497, 505, 506, 507, 509, 510, 511, 512, 513, 541, 543, 544, 547, 550, 551, 552, 553, 554, 557, 559, 560, 561, 562, 563, 565, 566, 567, 571, 572, 580, 581, 586, 589, 591, 592], "summary": {"covered_lines": 62, "num_statements": 93, "percent_covered": 66.66666666666667, "percent_covered_display": "67", "missing_lines": 31, "excluded_lines": 0, "percent_statements_covered": 66.66666666666667, "percent_statements_covered_display": "67"}, "missing_lines": [468, 470, 471, 472, 473, 474, 488, 490, 491, 492, 493, 498, 499, 500, 501, 502, 523, 525, 526, 527, 528, 529, 568, 569, 582, 603, 605, 606, 607, 608, 609], "excluded_lines": [], "start_line": 404}, "WorkPool.__init__": {"executed_lines": [641, 642, 643, 644], "summary": {"covered_lines": 4, "num_statements": 4, "percent_covered": 100.0, "percent_covered_display": "100", "missing_lines": 0, "excluded_lines": 0, "percent_statements_covered": 100.0, "percent_statements_covered_display": "100"}, "missing_lines": [], "excluded_lines": [], "start_line": 634}, "WorkPool.submit_tasks": {"executed_lines": [660, 665, 668, 669, 670, 671, 672, 673, 675, 676, 679], "summary": {"covered_lines": 11, "num_statements": 11, "percent_covered": 100.0, "percent_covered_display": "100", "missing_lines": 0, "excluded_lines": 0, "percent_statements_covered": 100.0, "percent_statements_covered_display": "100"}, "missing_lines": [], "excluded_lines": [], "start_line": 646}, "WorkPool.shutdown": {"executed_lines": [705, 707, 709, 710, 711, 713, 716, 717, 719, 720], "summary": {"covered_lines": 10, "num_statements": 11, "percent_covered": 90.9090909090909, "percent_covered_display": "91", "missing_lines": 1, "excluded_lines": 0, "percent_statements_covered": 90.9090909090909, "percent_statements_covered_display": "91"}, "missing_lines": [718], "excluded_lines": [], "start_line": 695}, "DTGAggregator.__init__": {"executed_lines": [739, 740, 741, 742], "summary": {"covered_lines": 4, "num_statements": 4, "percent_covered": 100.0, "percent_covered_display": "100", "missing_lines": 0, "excluded_lines": 0, "percent_statements_covered": 100.0, "percent_statements_covered_display": "100"}, "missing_lines": [], "excluded_lines": [], "start_line": 737}, "DTGAggregator.add_result": {"executed_lines": [759, 760, 762, 767, 768, 771, 774, 776], "summary": {"covered_lines": 8, "num_statements": 8, "percent_covered": 100.0, "percent_covered_display": "100", "missing_lines": 0, "excluded_lines": 0, "percent_statements_covered": 100.0, "percent_statements_covered_display": "100"}, "missing_lines": [], "excluded_lines": [], "start_line": 744}, "DTGAggregator.resolve_conflicts": {"executed_lines": [793, 794, 800, 801, 803], "summary": {"covered_lines": 5, "num_statements": 5, "percent_covered": 100.0, "percent_covered_display": "100", "missing_lines": 0, "excluded_lines": 0, "percent_statements_covered": 100.0, "percent_statements_covered_display": "100"}, "missing_lines": [], "excluded_lines": [], "start_line": 781}, "DTGAggregator.get_dtg": {"executed_lines": [812, 813, 817], "summary": {"covered_lines": 3, "num_statements": 3, "percent_covered": 100.0, "percent_covered_display": "100", "missing_lines": 0, "excluded_lines": 0, "percent_statements_covered": 100.0, "percent_statements_covered_display": "100"}, "missing_lines": [], "excluded_lines": [], "start_line": 805}, "DTGAggregator.get_conflicts": {"executed_lines": [825], "summary": {"covered_lines": 1, "num_statements": 1, "percent_covered": 100.0, "percent_covered_display": "100", "missing_lines": 0, "excluded_lines": 0, "percent_statements_covered": 100.0, "percent_statements_covered_display": "100"}, "missing_lines": [], "excluded_lines": [], "start_line": 819}, "DTGAggregator.verify_integrity": {"executed_lines": [844, 847, 850, 853, 854, 860, 861, 869, 870, 875, 876, 880, 882], "summary": {"covered_lines": 13, "num_statements": 13, "percent_covered": 100.0, "percent_covered_display": "100", "missing_lines": 0, "excluded_lines": 0, "percent_statements_covered": 100.0, "percent_statements_covered_display": "100"}, "missing_lines": [], "excluded_lines": [], "start_line": 827}, "ProgressReporter.__init__": {"executed_lines": [903, 905, 906, 907, 908, 909], "summary": {"covered_lines": 6, "num_statements": 6, "percent_covered": 100.0, "percent_covered_display": "100", "missing_lines": 0, "excluded_lines": 0, "percent_statements_covered": 100.0, "percent_statements_covered_display": "100"}, "missing_lines": [], "excluded_lines": [], "start_line": 896}, "ProgressReporter.update": {"executed_lines": [921, 923, 924, 926, 927, 929, 930, 931, 933, 934, 935, 937, 944, 945], "summary": {"covered_lines": 14, "num_statements": 14, "percent_covered": 100.0, "percent_covered_display": "100", "missing_lines": 0, "excluded_lines": 0, "percent_statements_covered": 100.0, "percent_statements_covered_display": "100"}, "missing_lines": [], "excluded_lines": [], "start_line": 911}, "ProgressReporter.report_final": {"executed_lines": [957, 958, 965, 967], "summary": {"covered_lines": 4, "num_statements": 4, "percent_covered": 100.0, "percent_covered_display": "100", "missing_lines": 0, "excluded_lines": 0, "percent_statements_covered": 100.0, "percent_statements_covered_display": "100"}, "missing_lines": [], "excluded_lines": [], "start_line": 947}, "FreeThreadedIndexer.__init__": {"executed_lines": [1003, 1005, 1007, 1008, 1009, 1010, 1013, 1016, 1017, 1018, 1020, 1023, 1030, 1035, 1041, 1042], "summary": {"covered_lines": 16, "num_statements": 17, "percent_covered": 94.11764705882354, "percent_covered_display": "94", "missing_lines": 1, "excluded_lines": 0, "percent_statements_covered": 94.11764705882354, "percent_statements_covered_display": "94"}, "missing_lines": [1024], "excluded_lines": [], "start_line": 986}, "FreeThreadedIndexer.init": {"executed_lines": [1053, 1054], "summary": {"covered_lines": 2, "num_statements": 2, "percent_covered": 100.0, "percent_covered_display": "100", "missing_lines": 0, "excluded_lines": 0, "percent_statements_covered": 100.0, "percent_statements_covered_display": "100"}, "missing_lines": [], "excluded_lines": [], "start_line": 1048}, "FreeThreadedIndexer.close": {"executed_lines": [1062, 1066, 1067], "summary": {"covered_lines": 3, "num_statements": 5, "percent_covered": 60.0, "percent_covered_display": "60", "missing_lines": 2, "excluded_lines": 0, "percent_statements_covered": 60.0, "percent_statements_covered_display": "60"}, "missing_lines": [1063, 1064], "excluded_lines": [], "start_line": 1056}, "FreeThreadedIndexer.build": {"executed_lines": [1089, 1091, 1092, 1095, 1096, 1097, 1098, 1100, 1101, 1109, 1110, 1113, 1123, 1124, 1125, 1126, 1127, 1131, 1132, 1133, 1138, 1140, 1141, 1142, 1143, 1144, 1145, 1146, 1147, 1148, 1150, 1151, 1154, 1155, 1158, 1160, 1161, 1163, 1171, 1172], "summary": {"covered_lines": 40, "num_statements": 40, "percent_covered": 100.0, "percent_covered_display": "100", "missing_lines": 0, "excluded_lines": 0, "percent_statements_covered": 100.0, "percent_statements_covered_display": "100"}, "missing_lines": [], "excluded_lines": [], "start_line": 1073}, "FreeThreadedIndexer.update": {"executed_lines": [1192, 1194, 1197, 1200, 1202, 1203, 1204, 1205, 1215, 1216, 1219, 1229, 1230, 1231, 1234, 1235, 1236, 1241, 1242, 1243, 1244, 1245, 1246, 1249, 1250, 1252, 1253, 1256, 1259, 1260, 1263, 1265, 1270, 1273, 1278, 1281, 1294, 1298, 1299, 1300, 1301, 1303, 1305, 1306, 1308, 1317, 1318], "summary": {"covered_lines": 47, "num_statements": 49, "percent_covered": 95.91836734693878, "percent_covered_display": "96", "missing_lines": 2, "excluded_lines": 0, "percent_statements_covered": 95.91836734693878, "percent_statements_covered_display": "96"}, "missing_lines": [1198, 1247], "excluded_lines": [], "start_line": 1178}, "FreeThreadedIndexer._detect_changed_files": {"executed_lines": [], "summary": {"covered_lines": 0, "num_statements": 17, "percent_covered": 0.0, "percent_covered_display": "0", "missing_lines": 17, "excluded_lines": 0, "percent_statements_covered": 0.0, "percent_statements_covered_display": "0"}, "missing_lines": [1330, 1332, 1333, 1340, 1341, 1342, 1344, 1345, 1346, 1347, 1348, 1349, 1351, 1352, 1353, 1354, 1355], "excluded_lines": [], "start_line": 1324}, "": {"executed_lines": [8, 10, 11, 12, 13, 14, 15, 16, 18, 21, 22, 27, 30, 31, 40, 41, 42, 43, 46, 47, 55, 56, 57, 60, 61, 74, 75, 76, 77, 78, 79, 80, 81, 84, 85, 98, 99, 100, 101, 102, 103, 104, 105, 108, 111, 112, 159, 160, 169, 170, 171, 172, 175, 184, 203, 217, 251, 322, 344, 357, 362, 380, 395, 403, 404, 621, 634, 646, 695, 723, 737, 744, 781, 805, 819, 827, 885, 896, 911, 947, 976, 986, 1048, 1056, 1073, 1178, 1324], "summary": {"covered_lines": 87, "num_statements": 89, "percent_covered": 97.75280898876404, "percent_covered_display": "98", "missing_lines": 2, "excluded_lines": 0, "percent_statements_covered": 97.75280898876404, "percent_statements_covered_display": "98"}, "missing_lines": [23, 25], "excluded_lines": [], "start_line": 1}}, "classes": {"ParsingMode": {"executed_lines": [], "summary": {"covered_lines": 0, "num_statements": 0, "percent_covered": 100.0, "percent_covered_display": "100", "missing_lines": 0, "excluded_lines": 0, "percent_statements_covered": 100.0, "percent_statements_covered_display": "100"}, "missing_lines": [], "excluded_lines": [], "start_line": 31}, "ParseTask": {"executed_lines": [], "summary": {"covered_lines": 0, "num_statements": 0, "percent_covered": 100.0, "percent_covered_display": "100", "missing_lines": 0, "excluded_lines": 0, "percent_statements_covered": 100.0, "percent_statements_covered_display": "100"}, "missing_lines": [], "excluded_lines": [], "start_line": 47}, "ParseResult": {"executed_lines": [], "summary": {"covered_lines": 0, "num_statements": 0, "percent_covered": 100.0, "percent_covered_display": "100", "missing_lines": 0, "excluded_lines": 0, "percent_statements_covered": 100.0, "percent_statements_covered_display": "100"}, "missing_lines": [], "excluded_lines": [], "start_line": 61}, "BuildResult": {"executed_lines": [], "summary": {"covered_lines": 0, "num_statements": 0, "percent_covered": 100.0, "percent_covered_display": "100", "missing_lines": 0, "excluded_lines": 0, "percent_statements_covered": 100.0, "percent_statements_covered_display": "100"}, "missing_lines": [], "excluded_lines": [], "start_line": 85}, "VersionDetector": {"executed_lines": [118, 121, 122, 132, 133, 134, 135, 136, 138, 140, 141, 150], "summary": {"covered_lines": 12, "num_statements": 12, "percent_covered": 100.0, "percent_covered_display": "100", "missing_lines": 0, "excluded_lines": 0, "percent_statements_covered": 100.0, "percent_statements_covered_display": "100"}, "missing_lines": [], "excluded_lines": [], "start_line": 108}, "FileMetadata": {"executed_lines": [], "summary": {"covered_lines": 0, "num_statements": 0, "percent_covered": 100.0, "percent_covered_display": "100", "missing_lines": 0, "excluded_lines": 0, "percent_statements_covered": 100.0, "percent_statements_covered_display": "100"}, "missing_lines": [], "excluded_lines": [], "start_line": 160}, "ParallelFileDiscovery": {"executed_lines": [210, 211, 212, 213, 214, 215, 224, 225, 228, 231, 232, 234, 240, 241, 242, 243, 244, 248, 249, 260, 262, 263, 264, 265, 266, 268, 269, 271, 275, 277, 278, 281, 282, 285, 286, 287, 290, 291, 294, 296, 302, 303, 307, 309, 312, 313, 315, 316, 320, 331, 333, 334, 335, 336, 337], "summary": {"covered_lines": 55, "num_statements": 72, "percent_covered": 76.38888888888889, "percent_covered_display": "76", "missing_lines": 17, "excluded_lines": 0, "percent_statements_covered": 76.38888888888889, "percent_statements_covered_display": "76"}, "missing_lines": [245, 246, 272, 273, 292, 293, 297, 298, 299, 304, 305, 310, 317, 318, 338, 339, 340], "excluded_lines": [], "start_line": 175}, "LockFreeSymbolTable": {"executed_lines": [359, 360, 375, 377, 378, 391, 392], "summary": {"covered_lines": 7, "num_statements": 7, "percent_covered": 100.0, "percent_covered_display": "100", "missing_lines": 0, "excluded_lines": 0, "percent_statements_covered": 100.0, "percent_statements_covered_display": "100"}, "missing_lines": [], "excluded_lines": [], "start_line": 344}, "ParseWorker": {"executed_lines": [419, 420, 421, 422, 423, 425, 426, 427, 430, 431, 432, 434, 435, 436, 437, 438, 450, 451, 452, 454, 455, 456, 457, 458, 486, 487, 496, 497, 505, 506, 507, 509, 510, 511, 512, 513, 541, 543, 544, 547, 550, 551, 552, 553, 554, 557, 559, 560, 561, 562, 563, 565, 566, 567, 571, 572, 580, 581, 586, 589, 591, 592], "summary": {"covered_lines": 62, "num_statements": 93, "percent_covered": 66.66666666666667, "percent_covered_display": "67", "missing_lines": 31, "excluded_lines": 0, "percent_statements_covered": 66.66666666666667, "percent_statements_covered_display": "67"}, "missing_lines": [468, 470, 471, 472, 473, 474, 488, 490, 491, 492, 493, 498, 499, 500, 501, 502, 523, 525, 526, 527, 528, 529, 568, 569, 582, 603, 605, 606, 607, 608, 609], "excluded_lines": [], "start_line": 395}, "WorkPool": {"executed_lines": [641, 642, 643, 644, 660, 665, 668, 669, 670, 671, 672, 673, 675, 676, 679, 705, 707, 709, 710, 711, 713, 716, 717, 719, 720], "summary": {"covered_lines": 25, "num_statements": 26, "percent_covered": 96.15384615384616, "percent_covered_display": "96", "missing_lines": 1, "excluded_lines": 0, "percent_statements_covered": 96.15384615384616, "percent_statements_covered_display": "96"}, "missing_lines": [718], "excluded_lines": [], "start_line": 621}, "DTGAggregator": {"executed_lines": [739, 740, 741, 742, 759, 760, 762, 767, 768, 771, 774, 776, 793, 794, 800, 801, 803, 812, 813, 817, 825, 844, 847, 850, 853, 854, 860, 861, 869, 870, 875, 876, 880, 882], "summary": {"covered_lines": 34, "num_statements": 34, "percent_covered": 100.0, "percent_covered_display": "100", "missing_lines": 0, "excluded_lines": 0, "percent_statements_covered": 100.0, "percent_statements_covered_display": "100"}, "missing_lines": [], "excluded_lines": [], "start_line": 723}, "ProgressReporter": {"executed_lines": [903, 905, 906, 907, 908, 909, 921, 923, 924, 926, 927, 929, 930, 931, 933, 934, 935, 937, 944, 945, 957, 958, 965, 967], "summary": {"covered_lines": 24, "num_statements": 24, "percent_covered": 100.0, "percent_covered_display": "100", "missing_lines": 0, "excluded_lines": 0, "percent_statements_covered": 100.0, "percent_statements_covered_display": "100"}, "missing_lines": [], "excluded_lines": [], "start_line": 885}, "FreeThreadedIndexer": {"executed_lines": [1003, 1005, 1007, 1008, 1009, 1010, 1013, 1016, 1017, 1018, 1020, 1023, 1030, 1035, 1041, 1042, 1053, 1054, 1062, 1066, 1067, 1089, 1091, 1092, 1095, 1096, 1097, 1098, 1100, 1101, 1109, 1110, 1113, 1123, 1124, 1125, 1126, 1127, 1131, 1132, 1133, 1138, 1140, 1141, 1142, 1143, 1144, 1145, 1146, 1147, 1148, 1150, 1151, 1154, 1155, 1158, 1160, 1161, 1163, 1171, 1172, 1192, 1194, 1197, 1200, 1202, 1203, 1204, 1205, 1215, 1216, 1219, 1229, 1230, 1231, 1234, 1235, 1236, 1241, 1242, 1243, 1244, 1245, 1246, 1249, 1250, 1252, 1253, 1256, 1259, 1260, 1263, 1265, 1270, 1273, 1278, 1281, 1294, 1298, 1299, 1300, 1301, 1303, 1305, 1306, 1308, 1317, 1318], "summary": {"covered_lines": 108, "num_statements": 130, "percent_covered": 83.07692307692308, "percent_covered_display": "83", "missing_lines": 22, "excluded_lines": 0, "percent_statements_covered": 83.07692307692308, "percent_statements_covered_display": "83"}, "missing_lines": [1024, 1063, 1064, 1198, 1247, 1330, 1332, 1333, 1340, 1341, 1342, 1344, 1345, 1346, 1347, 1348, 1349, 1351, 1352, 1353, 1354, 1355], "excluded_lines": [], "start_line": 976}, "": {"executed_lines": [8, 10, 11, 12, 13, 14, 15, 16, 18, 21, 22, 27, 30, 31, 40, 41, 42, 43, 46, 47, 55, 56, 57, 60, 61, 74, 75, 76, 77, 78, 79, 80, 81, 84, 85, 98, 99, 100, 101, 102, 103, 104, 105, 108, 111, 112, 159, 160, 169, 170, 171, 172, 175, 184, 203, 217, 251, 322, 344, 357, 362, 380, 395, 403, 404, 621, 634, 646, 695, 723, 737, 744, 781, 805, 819, 827, 885, 896, 911, 947, 976, 986, 1048, 1056, 1073, 1178, 1324], "summary": {"covered_lines": 87, "num_statements": 89, "percent_covered": 97.75280898876404, "percent_covered_display": "98", "missing_lines": 2, "excluded_lines": 0, "percent_statements_covered": 97.75280898876404, "percent_statements_covered_display": "98"}, "missing_lines": [23, 25], "excluded_lines": [], "start_line": 1}}}, "src/siof/green_guard.py": {"executed_lines": [7, 9, 10, 11, 12, 13, 14, 15, 16, 18, 19, 21, 24, 25, 28, 29, 30, 31, 32, 33, 36, 47, 50, 52, 65, 66, 67, 68, 69, 71, 73, 75, 91, 92, 94, 95, 97, 98, 99, 104, 105, 108, 109, 115, 116, 119, 121, 127, 134, 142, 144, 149, 159, 168, 169, 170, 172, 173, 175, 181, 184, 188, 189, 190, 199, 200, 201, 202, 203, 205, 218, 219], "summary": {"covered_lines": 72, "num_statements": 78, "percent_covered": 92.3076923076923, "percent_covered_display": "92", "missing_lines": 6, "excluded_lines": 0, "percent_statements_covered": 92.3076923076923, "percent_statements_covered_display": "92"}, "missing_lines": [100, 101, 102, 122, 123, 128], "excluded_lines": [], "functions": {"GreenGuard.__init__": {"executed_lines": [65, 66, 67, 68, 69], "summary": {"covered_lines": 5, "num_statements": 5, "percent_covered": 100.0, "percent_covered_display": "100", "missing_lines": 0, "excluded_lines": 0, "percent_statements_covered": 100.0, "percent_statements_covered_display": "100"}, "missing_lines": [], "excluded_lines": [], "start_line": 52}, "GreenGuard.close": {"executed_lines": [73], "summary": {"covered_lines": 1, "num_statements": 1, "percent_covered": 100.0, "percent_covered_display": "100", "missing_lines": 0, "excluded_lines": 0, "percent_statements_covered": 100.0, "percent_statements_covered_display": "100"}, "missing_lines": [], "excluded_lines": [], "start_line": 71}, "GreenGuard.run_command": {"executed_lines": [91, 92, 94, 95, 97, 98, 99, 104, 105, 108, 109, 115, 116, 119, 121, 127, 134, 142, 144, 149], "summary": {"covered_lines": 20, "num_statements": 26, "percent_covered": 76.92307692307692, "percent_covered_display": "77", "missing_lines": 6, "excluded_lines": 0, "percent_statements_covered": 76.92307692307692, "percent_statements_covered_display": "77"}, "missing_lines": [100, 101, 102, 122, 123, 128], "excluded_lines": [], "start_line": 75}, "GreenGuard.report": {"executed_lines": [168, 169, 170, 172, 173], "summary": {"covered_lines": 5, "num_statements": 5, "percent_covered": 100.0, "percent_covered_display": "100", "missing_lines": 0, "excluded_lines": 0, "percent_statements_covered": 100.0, "percent_statements_covered_display": "100"}, "missing_lines": [], "excluded_lines": [], "start_line": 159}, "GreenGuard.sustainability_report": {"executed_lines": [181, 184, 188, 189, 190, 199, 200, 201, 202, 203, 205, 218, 219], "summary": {"covered_lines": 13, "num_statements": 13, "percent_covered": 100.0, "percent_covered_display": "100", "missing_lines": 0, "excluded_lines": 0, "percent_statements_covered": 100.0, "percent_statements_covered_display": "100"}, "missing_lines": [], "excluded_lines": [], "start_line": 175}, "": {"executed_lines": [7, 9, 10, 11, 12, 13, 14, 15, 16, 18, 19, 21, 24, 25, 28, 29, 30, 31, 32, 33, 36, 47, 50, 52, 71, 75, 159, 175], "summary": {"covered_lines": 28, "num_statements": 28, "percent_covered": 100.0, "percent_covered_display": "100", "missing_lines": 0, "excluded_lines": 0, "percent_statements_covered": 100.0, "percent_statements_covered_display": "100"}, "missing_lines": [], "excluded_lines": [], "start_line": 1}}, "classes": {"EnergyMetrics": {"executed_lines": [], "summary": {"covered_lines": 0, "num_statements": 0, "percent_covered": 100.0, "percent_covered_display": "100", "missing_lines": 0, "excluded_lines": 0, "percent_statements_covered": 100.0, "percent_statements_covered_display": "100"}, "missing_lines": [], "excluded_lines": [], "start_line": 25}, "GreenGuard": {"executed_lines": [65, 66, 67, 68, 69, 73, 91, 92, 94, 95, 97, 98, 99, 104, 105, 108, 109, 115, 116, 119, 121, 127, 134, 142, 144, 149, 168, 169, 170, 172, 173, 181, 184, 188, 189, 190, 199, 200, 201, 202, 203, 205, 218, 219], "summary": {"covered_lines": 44, "num_statements": 50, "percent_covered": 88.0, "percent_covered_display": "88", "missing_lines": 6, "excluded_lines": 0, "percent_statements_covered": 88.0, "percent_statements_covered_display": "88"}, "missing_lines": [100, 101, 102, 122, 123, 128], "excluded_lines": [], "start_line": 36}, "": {"executed_lines": [7, 9, 10, 11, 12, 13, 14, 15, 16, 18, 19, 21, 24, 25, 28, 29, 30, 31, 32, 33, 36, 47, 50, 52, 71, 75, 159, 175], "summary": {"covered_lines": 28, "num_statements": 28, "percent_covered": 100.0, "percent_covered_display": "100", "missing_lines": 0, "excluded_lines": 0, "percent_statements_covered": 100.0, "percent_statements_covered_display": "100"}, "missing_lines": [], "excluded_lines": [], "start_line": 1}}}, "src/siof/indexer.py": {"executed_lines": [1, 3, 4, 5, 6, 7, 8, 9, 10, 11, 13, 14, 15, 17, 20, 21, 24, 25, 26, 27, 28, 29, 30, 31, 32, 33, 34, 35, 36, 37, 38, 39, 42, 43, 46, 47, 48, 49, 50, 53, 54, 55, 56, 57, 60, 63, 69, 70, 71, 72, 74, 84, 85, 86, 87, 89, 91, 92, 94, 100, 102, 103, 105, 114, 115, 116, 117, 118, 119, 120, 122, 128, 129, 130, 131, 132, 133, 135, 141, 144, 147, 154, 155, 156, 157, 158, 160, 169, 170, 172, 174, 176, 178, 180, 188, 191, 194, 195, 196, 197, 198, 199, 202, 205, 208, 209, 210, 213, 231, 234, 235, 236, 237, 238, 239, 241, 244, 247, 250, 253, 258, 270, 273, 274, 275, 276, 277, 278, 280, 283, 284, 285, 287, 288, 290, 291, 292, 294, 302, 304, 306, 308, 312, 313, 315, 323, 325, 327, 336, 337, 347, 356, 357, 358, 359, 361, 364, 366, 369, 370, 371, 373, 375, 384, 385, 386, 387, 390, 391, 394, 395, 396, 397, 400, 401, 404, 405, 406, 407, 410, 411, 414, 418, 437, 444, 445, 446, 448, 454, 455, 457, 458, 462, 463, 465, 472, 473, 474, 475, 476, 478, 482, 483, 487, 488, 489, 492, 496, 497, 498, 499, 502, 507, 511, 512, 516, 518, 520, 521, 522, 526, 535, 536, 537, 538, 539, 545, 548, 554, 556, 565, 566, 567, 568, 569, 570, 575, 576, 577, 578, 580, 582, 583, 584, 587, 588, 589, 590, 591, 592, 595, 596, 597, 599, 601, 608, 617, 618, 619, 620, 621, 622, 625, 627, 628, 629, 632, 635, 636, 637, 638, 639, 640, 641, 642, 644, 646, 647, 649, 651, 653, 659, 661, 670, 672, 674, 677, 678, 679, 682, 683, 686, 688, 689, 690, 692, 693, 694, 697, 698, 699, 700, 702, 703, 705, 717, 720, 721, 723, 725, 726, 728, 729, 739, 742, 744, 745, 746, 748, 749, 753, 762, 765, 770, 773, 778, 781, 794, 795, 796, 799, 800, 803, 806, 815, 816, 818, 824, 825, 828, 836, 837, 838, 854, 867, 868, 869, 872, 874, 892, 894, 895, 896, 898, 899, 900, 901, 902, 903, 904, 905, 908, 910, 912, 913, 914, 923, 924, 926, 927, 928, 929, 930, 931, 934, 935, 938, 941, 942, 943, 944, 945, 948, 950, 951, 952, 953, 954, 955, 956, 957, 965, 966, 969, 970, 971, 974, 984, 991, 992, 993, 994, 995, 997, 1008, 1009, 1011, 1019, 1020, 1022, 1029, 1030, 1032, 1033, 1035, 1036, 1039, 1040, 1048, 1051, 1062, 1069, 1070, 1072, 1073, 1075, 1076, 1087, 1094, 1095, 1097, 1098, 1109, 1126, 1127, 1129, 1140, 1155, 1163, 1169, 1171, 1177, 1180, 1181, 1182, 1188, 1189, 1192, 1194, 1197, 1198, 1199, 1203, 1206, 1208, 1209, 1210, 1211, 1212, 1215, 1217, 1218, 1219, 1220], "summary": {"covered_lines": 464, "num_statements": 516, "percent_covered": 89.92248062015504, "percent_covered_display": "90", "missing_lines": 52, "excluded_lines": 0, "percent_statements_covered": 89.92248062015504, "percent_statements_covered_display": "90"}, "missing_lines": [309, 310, 338, 339, 340, 341, 342, 343, 344, 345, 365, 367, 459, 460, 484, 485, 493, 500, 501, 503, 504, 505, 513, 514, 519, 523, 524, 540, 541, 542, 571, 572, 573, 750, 840, 841, 842, 843, 844, 845, 847, 848, 850, 851, 852, 906, 907, 915, 916, 917, 967, 1221], "excluded_lines": [], "functions": {"SymbolTable.__init__": {"executed_lines": [69, 70, 71, 72], "summary": {"covered_lines": 4, "num_statements": 4, "percent_covered": 100.0, "percent_covered_display": "100", "missing_lines": 0, "excluded_lines": 0, "percent_statements_covered": 100.0, "percent_statements_covered_display": "100"}, "missing_lines": [], "excluded_lines": [], "start_line": 63}, "SymbolTable.push_scope": {"executed_lines": [84, 85, 86, 87], "summary": {"covered_lines": 4, "num_statements": 4, "percent_covered": 100.0, "percent_covered_display": "100", "missing_lines": 0, "excluded_lines": 0, "percent_statements_covered": 100.0, "percent_statements_covered_display": "100"}, "missing_lines": [], "excluded_lines": [], "start_line": 74}, "SymbolTable.pop_scope": {"executed_lines": [91, 92], "summary": {"covered_lines": 2, "num_statements": 2, "percent_covered": 100.0, "percent_covered_display": "100", "missing_lines": 0, "excluded_lines": 0, "percent_statements_covered": 100.0, "percent_statements_covered_display": "100"}, "missing_lines": [], "excluded_lines": [], "start_line": 89}, "SymbolTable.add_symbol": {"executed_lines": [100, 102, 103], "summary": {"covered_lines": 3, "num_statements": 3, "percent_covered": 100.0, "percent_covered_display": "100", "missing_lines": 0, "excluded_lines": 0, "percent_statements_covered": 100.0, "percent_statements_covered_display": "100"}, "missing_lines": [], "excluded_lines": [], "start_line": 94}, "SymbolTable._get_qualified_name": {"executed_lines": [114, 115, 116, 117, 118, 119, 120], "summary": {"covered_lines": 7, "num_statements": 7, "percent_covered": 100.0, "percent_covered_display": "100", "missing_lines": 0, "excluded_lines": 0, "percent_statements_covered": 100.0, "percent_statements_covered_display": "100"}, "missing_lines": [], "excluded_lines": [], "start_line": 105}, "SymbolTable.get_scope_path": {"executed_lines": [128, 129, 130, 131, 132, 133], "summary": {"covered_lines": 6, "num_statements": 6, "percent_covered": 100.0, "percent_covered_display": "100", "missing_lines": 0, "excluded_lines": 0, "percent_statements_covered": 100.0, "percent_statements_covered_display": "100"}, "missing_lines": [], "excluded_lines": [], "start_line": 122}, "SymbolTable.get_all_symbols": {"executed_lines": [141], "summary": {"covered_lines": 1, "num_statements": 1, "percent_covered": 100.0, "percent_covered_display": "100", "missing_lines": 0, "excluded_lines": 0, "percent_statements_covered": 100.0, "percent_statements_covered_display": "100"}, "missing_lines": [], "excluded_lines": [], "start_line": 135}, "SymbolExtractor.__init__": {"executed_lines": [154, 155, 156, 157, 158], "summary": {"covered_lines": 5, "num_statements": 5, "percent_covered": 100.0, "percent_covered_display": "100", "missing_lines": 0, "excluded_lines": 0, "percent_statements_covered": 100.0, "percent_statements_covered_display": "100"}, "missing_lines": [], "excluded_lines": [], "start_line": 147}, "SymbolExtractor.extract": {"executed_lines": [169, 170], "summary": {"covered_lines": 2, "num_statements": 2, "percent_covered": 100.0, "percent_covered_display": "100", "missing_lines": 0, "excluded_lines": 0, "percent_statements_covered": 100.0, "percent_statements_covered_display": "100"}, "missing_lines": [], "excluded_lines": [], "start_line": 160}, "SymbolExtractor.visit_FunctionDef": {"executed_lines": [174], "summary": {"covered_lines": 1, "num_statements": 1, "percent_covered": 100.0, "percent_covered_display": "100", "missing_lines": 0, "excluded_lines": 0, "percent_statements_covered": 100.0, "percent_statements_covered_display": "100"}, "missing_lines": [], "excluded_lines": [], "start_line": 172}, "SymbolExtractor.visit_AsyncFunctionDef": {"executed_lines": [178], "summary": {"covered_lines": 1, "num_statements": 1, "percent_covered": 100.0, "percent_covered_display": "100", "missing_lines": 0, "excluded_lines": 0, "percent_statements_covered": 100.0, "percent_statements_covered_display": "100"}, "missing_lines": [], "excluded_lines": [], "start_line": 176}, "SymbolExtractor._visit_function": {"executed_lines": [188, 191, 194, 195, 196, 197, 198, 199, 202, 205, 208, 209, 210, 213, 231, 234, 235, 236, 237, 238, 239], "summary": {"covered_lines": 21, "num_statements": 21, "percent_covered": 100.0, "percent_covered_display": "100", "missing_lines": 0, "excluded_lines": 0, "percent_statements_covered": 100.0, "percent_statements_covered_display": "100"}, "missing_lines": [], "excluded_lines": [], "start_line": 180}, "SymbolExtractor.visit_ClassDef": {"executed_lines": [244, 247, 250, 253, 258, 270, 273, 274, 275, 276, 277, 278], "summary": {"covered_lines": 12, "num_statements": 12, "percent_covered": 100.0, "percent_covered_display": "100", "missing_lines": 0, "excluded_lines": 0, "percent_statements_covered": 100.0, "percent_statements_covered_display": "100"}, "missing_lines": [], "excluded_lines": [], "start_line": 241}, "SymbolExtractor.visit_Assign": {"executed_lines": [283, 284, 285, 287, 288, 290, 291, 292, 294, 302, 304], "summary": {"covered_lines": 11, "num_statements": 11, "percent_covered": 100.0, "percent_covered_display": "100", "missing_lines": 0, "excluded_lines": 0, "percent_statements_covered": 100.0, "percent_statements_covered_display": "100"}, "missing_lines": [], "excluded_lines": [], "start_line": 280}, "SymbolExtractor.visit_AnnAssign": {"executed_lines": [308, 312, 313, 315, 323, 325], "summary": {"covered_lines": 6, "num_statements": 8, "percent_covered": 75.0, "percent_covered_display": "75", "missing_lines": 2, "excluded_lines": 0, "percent_statements_covered": 75.0, "percent_statements_covered_display": "75"}, "missing_lines": [309, 310], "excluded_lines": [], "start_line": 306}, "SymbolExtractor._get_decorator_name": {"executed_lines": [336, 337], "summary": {"covered_lines": 2, "num_statements": 10, "percent_covered": 20.0, "percent_covered_display": "20", "missing_lines": 8, "excluded_lines": 0, "percent_statements_covered": 20.0, "percent_statements_covered_display": "20"}, "missing_lines": [338, 339, 340, 341, 342, 343, 344, 345], "excluded_lines": [], "start_line": 327}, "SymbolExtractor._build_function_signature": {"executed_lines": [356, 357, 358, 359, 361, 364, 366, 369, 370, 371, 373], "summary": {"covered_lines": 11, "num_statements": 13, "percent_covered": 84.61538461538461, "percent_covered_display": "85", "missing_lines": 2, "excluded_lines": 0, "percent_statements_covered": 84.61538461538461, "percent_statements_covered_display": "85"}, "missing_lines": [365, 367], "excluded_lines": [], "start_line": 347}, "SymbolExtractor._is_generator": {"executed_lines": [384, 385, 386, 387], "summary": {"covered_lines": 4, "num_statements": 4, "percent_covered": 100.0, "percent_covered_display": "100", "missing_lines": 0, "excluded_lines": 0, "percent_statements_covered": 100.0, "percent_statements_covered_display": "100"}, "missing_lines": [], "excluded_lines": [], "start_line": 375}, "_hash_text": {"executed_lines": [411], "summary": {"covered_lines": 1, "num_statements": 1, "percent_covered": 100.0, "percent_covered_display": "100", "missing_lines": 0, "excluded_lines": 0, "percent_statements_covered": 100.0, "percent_statements_covered_display": "100"}, "missing_lines": [], "excluded_lines": [], "start_line": 410}, "FileDiscovery.__init__": {"executed_lines": [444, 445, 446], "summary": {"covered_lines": 3, "num_statements": 3, "percent_covered": 100.0, "percent_covered_display": "100", "missing_lines": 0, "excluded_lines": 0, "percent_statements_covered": 100.0, "percent_statements_covered_display": "100"}, "missing_lines": [], "excluded_lines": [], "start_line": 437}, "FileDiscovery.discover": {"executed_lines": [454, 455, 457, 458, 462, 463], "summary": {"covered_lines": 6, "num_statements": 8, "percent_covered": 75.0, "percent_covered_display": "75", "missing_lines": 2, "excluded_lines": 0, "percent_statements_covered": 75.0, "percent_statements_covered_display": "75"}, "missing_lines": [459, 460], "excluded_lines": [], "start_line": 448}, "FileDiscovery._walk_directory": {"executed_lines": [472, 473, 474, 475, 476, 478, 482, 483, 487, 488, 489, 492, 496, 497, 498, 499, 502, 507, 511, 512, 516, 518, 520, 521, 522], "summary": {"covered_lines": 25, "num_statements": 38, "percent_covered": 65.78947368421052, "percent_covered_display": "66", "missing_lines": 13, "excluded_lines": 0, "percent_statements_covered": 65.78947368421052, "percent_statements_covered_display": "66"}, "missing_lines": [484, 485, 493, 500, 501, 503, 504, 505, 513, 514, 519, 523, 524], "excluded_lines": [], "start_line": 465}, "FileDiscovery._extract_file_metadata": {"executed_lines": [535, 536, 537, 538, 539], "summary": {"covered_lines": 5, "num_statements": 8, "percent_covered": 62.5, "percent_covered_display": "62", "missing_lines": 3, "excluded_lines": 0, "percent_statements_covered": 62.5, "percent_statements_covered_display": "62"}, "missing_lines": [540, 541, 542], "excluded_lines": [], "start_line": 526}, "DependencySeedExtractor.__init__": {"executed_lines": [554], "summary": {"covered_lines": 1, "num_statements": 1, "percent_covered": 100.0, "percent_covered_display": "100", "missing_lines": 0, "excluded_lines": 0, "percent_statements_covered": 100.0, "percent_statements_covered_display": "100"}, "missing_lines": [], "excluded_lines": [], "start_line": 548}, "DependencySeedExtractor.extract": {"executed_lines": [565, 566, 567, 568, 569, 570, 575, 576, 577, 578, 580, 582, 583, 584, 587, 588, 589, 590, 591, 592, 595, 596, 597, 599, 601], "summary": {"covered_lines": 25, "num_statements": 28, "percent_covered": 89.28571428571429, "percent_covered_display": "89", "missing_lines": 3, "excluded_lines": 0, "percent_statements_covered": 89.28571428571429, "percent_statements_covered_display": "89"}, "missing_lines": [571, 572, 573], "excluded_lines": [], "start_line": 556}, "DependencySeedExtractor.extract_batch": {"executed_lines": [617, 618, 619, 620, 621, 622], "summary": {"covered_lines": 6, "num_statements": 6, "percent_covered": 100.0, "percent_covered_display": "100", "missing_lines": 0, "excluded_lines": 0, "percent_statements_covered": 100.0, "percent_statements_covered_display": "100"}, "missing_lines": [], "excluded_lines": [], "start_line": 608}, "discover_python_files": {"executed_lines": [627, 628, 629], "summary": {"covered_lines": 3, "num_statements": 3, "percent_covered": 100.0, "percent_covered_display": "100", "missing_lines": 0, "excluded_lines": 0, "percent_statements_covered": 100.0, "percent_statements_covered_display": "100"}, "missing_lines": [], "excluded_lines": [], "start_line": 625}, "PythonIndexer.__init__": {"executed_lines": [636, 637, 638, 639, 640, 641, 642], "summary": {"covered_lines": 7, "num_statements": 7, "percent_covered": 100.0, "percent_covered_display": "100", "missing_lines": 0, "excluded_lines": 0, "percent_statements_covered": 100.0, "percent_statements_covered_display": "100"}, "missing_lines": [], "excluded_lines": [], "start_line": 635}, "PythonIndexer.init": {"executed_lines": [646, 647], "summary": {"covered_lines": 2, "num_statements": 2, "percent_covered": 100.0, "percent_covered_display": "100", "missing_lines": 0, "excluded_lines": 0, "percent_statements_covered": 100.0, "percent_statements_covered_display": "100"}, "missing_lines": [], "excluded_lines": [], "start_line": 644}, "PythonIndexer.close": {"executed_lines": [651], "summary": {"covered_lines": 1, "num_statements": 1, "percent_covered": 100.0, "percent_covered_display": "100", "missing_lines": 0, "excluded_lines": 0, "percent_statements_covered": 100.0, "percent_statements_covered_display": "100"}, "missing_lines": [], "excluded_lines": [], "start_line": 649}, "PythonIndexer.discover_files": {"executed_lines": [659], "summary": {"covered_lines": 1, "num_statements": 1, "percent_covered": 100.0, "percent_covered_display": "100", "missing_lines": 0, "excluded_lines": 0, "percent_statements_covered": 100.0, "percent_statements_covered_display": "100"}, "missing_lines": [], "excluded_lines": [], "start_line": 653}, "PythonIndexer.extract_dependency_seeds": {"executed_lines": [670], "summary": {"covered_lines": 1, "num_statements": 1, "percent_covered": 100.0, "percent_covered_display": "100", "missing_lines": 0, "excluded_lines": 0, "percent_statements_covered": 100.0, "percent_statements_covered_display": "100"}, "missing_lines": [], "excluded_lines": [], "start_line": 661}, "PythonIndexer.build": {"executed_lines": [674, 677, 678, 679, 682, 683, 686, 688, 689, 690, 692, 693, 694, 697, 698, 699, 700, 702, 703], "summary": {"covered_lines": 19, "num_statements": 19, "percent_covered": 100.0, "percent_covered_display": "100", "missing_lines": 0, "excluded_lines": 0, "percent_statements_covered": 100.0, "percent_statements_covered_display": "100"}, "missing_lines": [], "excluded_lines": [], "start_line": 672}, "PythonIndexer.update": {"executed_lines": [717, 720, 721, 723, 725, 726, 728, 729, 739, 742, 744, 745, 746, 748, 749, 753, 762, 765, 770, 773, 778, 781, 794, 795, 796, 799, 800, 803, 806, 815, 816], "summary": {"covered_lines": 31, "num_statements": 32, "percent_covered": 96.875, "percent_covered_display": "97", "missing_lines": 1, "excluded_lines": 0, "percent_statements_covered": 96.875, "percent_statements_covered_display": "97"}, "missing_lines": [750], "excluded_lines": [], "start_line": 705}, "PythonIndexer._detect_changed_files": {"executed_lines": [824, 825, 828, 836, 837, 838], "summary": {"covered_lines": 6, "num_statements": 17, "percent_covered": 35.294117647058826, "percent_covered_display": "35", "missing_lines": 11, "excluded_lines": 0, "percent_statements_covered": 35.294117647058826, "percent_statements_covered_display": "35"}, "missing_lines": [840, 841, 842, 843, 844, 845, 847, 848, 850, 851, 852], "excluded_lines": [], "start_line": 818}, "PythonIndexer.verify": {"executed_lines": [867, 868, 869, 872, 874], "summary": {"covered_lines": 5, "num_statements": 5, "percent_covered": 100.0, "percent_covered_display": "100", "missing_lines": 0, "excluded_lines": 0, "percent_statements_covered": 100.0, "percent_statements_covered_display": "100"}, "missing_lines": [], "excluded_lines": [], "start_line": 854}, "PythonIndexer._parse_parallel": {"executed_lines": [894, 895, 896, 898, 899, 900, 901, 902, 903, 904, 905, 908], "summary": {"covered_lines": 12, "num_statements": 14, "percent_covered": 85.71428571428571, "percent_covered_display": "86", "missing_lines": 2, "excluded_lines": 0, "percent_statements_covered": 85.71428571428571, "percent_statements_covered_display": "86"}, "missing_lines": [906, 907], "excluded_lines": [], "start_line": 892}, "PythonIndexer._parse_file": {"executed_lines": [912, 913, 914, 923, 924, 926, 927, 928, 929, 930, 931, 934, 935, 938, 941, 942, 943, 944, 945, 948, 950, 951, 952, 953, 954, 955, 956, 957, 965, 966, 969, 970, 971], "summary": {"covered_lines": 33, "num_statements": 37, "percent_covered": 89.1891891891892, "percent_covered_display": "89", "missing_lines": 4, "excluded_lines": 0, "percent_statements_covered": 89.1891891891892, "percent_statements_covered_display": "89"}, "missing_lines": [915, 916, 917, 967], "excluded_lines": [], "start_line": 910}, "DTGBuilder.__init__": {"executed_lines": [991, 992, 993, 994, 995], "summary": {"covered_lines": 5, "num_statements": 5, "percent_covered": 100.0, "percent_covered_display": "100", "missing_lines": 0, "excluded_lines": 0, "percent_statements_covered": 100.0, "percent_statements_covered_display": "100"}, "missing_lines": [], "excluded_lines": [], "start_line": 984}, "DTGBuilder.add_symbol_node": {"executed_lines": [1008, 1009, 1011, 1019, 1020], "summary": {"covered_lines": 5, "num_statements": 5, "percent_covered": 100.0, "percent_covered_display": "100", "missing_lines": 0, "excluded_lines": 0, "percent_statements_covered": 100.0, "percent_statements_covered_display": "100"}, "missing_lines": [], "excluded_lines": [], "start_line": 997}, "DTGBuilder.add_parameter_edges": {"executed_lines": [1029, 1030, 1032, 1033, 1035, 1036, 1039, 1040, 1048, 1051], "summary": {"covered_lines": 10, "num_statements": 10, "percent_covered": 100.0, "percent_covered_display": "100", "missing_lines": 0, "excluded_lines": 0, "percent_statements_covered": 100.0, "percent_statements_covered_display": "100"}, "missing_lines": [], "excluded_lines": [], "start_line": 1022}, "DTGBuilder.add_inheritance_edges": {"executed_lines": [1069, 1070, 1072, 1073, 1075, 1076], "summary": {"covered_lines": 6, "num_statements": 6, "percent_covered": 100.0, "percent_covered_display": "100", "missing_lines": 0, "excluded_lines": 0, "percent_statements_covered": 100.0, "percent_statements_covered_display": "100"}, "missing_lines": [], "excluded_lines": [], "start_line": 1062}, "DTGBuilder.add_decorator_edges": {"executed_lines": [1094, 1095, 1097, 1098], "summary": {"covered_lines": 4, "num_statements": 4, "percent_covered": 100.0, "percent_covered_display": "100", "missing_lines": 0, "excluded_lines": 0, "percent_statements_covered": 100.0, "percent_statements_covered_display": "100"}, "missing_lines": [], "excluded_lines": [], "start_line": 1087}, "DTGBuilder.add_call_edge": {"executed_lines": [1126, 1127, 1129], "summary": {"covered_lines": 3, "num_statements": 3, "percent_covered": 100.0, "percent_covered_display": "100", "missing_lines": 0, "excluded_lines": 0, "percent_statements_covered": 100.0, "percent_statements_covered_display": "100"}, "missing_lines": [], "excluded_lines": [], "start_line": 1109}, "DTGBuilder.add_assignment_transform_edge": {"executed_lines": [1155], "summary": {"covered_lines": 1, "num_statements": 1, "percent_covered": 100.0, "percent_covered_display": "100", "missing_lines": 0, "excluded_lines": 0, "percent_statements_covered": 100.0, "percent_statements_covered_display": "100"}, "missing_lines": [], "excluded_lines": [], "start_line": 1140}, "DTGBuilder.build": {"executed_lines": [1169], "summary": {"covered_lines": 1, "num_statements": 1, "percent_covered": 100.0, "percent_covered_display": "100", "missing_lines": 0, "excluded_lines": 0, "percent_statements_covered": 100.0, "percent_statements_covered_display": "100"}, "missing_lines": [], "excluded_lines": [], "start_line": 1163}, "DTGBuilder.verify_integrity": {"executed_lines": [1177, 1180, 1181, 1182, 1188, 1189, 1192, 1194, 1197, 1198, 1199, 1203], "summary": {"covered_lines": 12, "num_statements": 12, "percent_covered": 100.0, "percent_covered_display": "100", "missing_lines": 0, "excluded_lines": 0, "percent_statements_covered": 100.0, "percent_statements_covered_display": "100"}, "missing_lines": [], "excluded_lines": [], "start_line": 1171}, "_call_name": {"executed_lines": [1208, 1209, 1210, 1211, 1212], "summary": {"covered_lines": 5, "num_statements": 5, "percent_covered": 100.0, "percent_covered_display": "100", "missing_lines": 0, "excluded_lines": 0, "percent_statements_covered": 100.0, "percent_statements_covered_display": "100"}, "missing_lines": [], "excluded_lines": [], "start_line": 1206}, "_expr_name": {"executed_lines": [1217, 1218, 1219, 1220], "summary": {"covered_lines": 4, "num_statements": 5, "percent_covered": 80.0, "percent_covered_display": "80", "missing_lines": 1, "excluded_lines": 0, "percent_statements_covered": 80.0, "percent_statements_covered_display": "80"}, "missing_lines": [1221], "excluded_lines": [], "start_line": 1215}, "": {"executed_lines": [1, 3, 4, 5, 6, 7, 8, 9, 10, 11, 13, 14, 15, 17, 20, 21, 24, 25, 26, 27, 28, 29, 30, 31, 32, 33, 34, 35, 36, 37, 38, 39, 42, 43, 46, 47, 48, 49, 50, 53, 54, 55, 56, 57, 60, 63, 74, 89, 94, 105, 122, 135, 144, 147, 160, 172, 176, 180, 241, 280, 306, 327, 347, 375, 390, 391, 394, 395, 396, 397, 400, 401, 404, 405, 406, 407, 410, 414, 418, 437, 448, 465, 526, 545, 548, 556, 608, 625, 632, 635, 644, 649, 653, 661, 672, 705, 818, 854, 892, 910, 974, 984, 997, 1022, 1062, 1087, 1109, 1140, 1163, 1171, 1206, 1215], "summary": {"covered_lines": 112, "num_statements": 112, "percent_covered": 100.0, "percent_covered_display": "100", "missing_lines": 0, "excluded_lines": 0, "percent_statements_covered": 100.0, "percent_statements_covered_display": "100"}, "missing_lines": [], "excluded_lines": [], "start_line": 1}}, "classes": {"SymbolInfo": {"executed_lines": [], "summary": {"covered_lines": 0, "num_statements": 0, "percent_covered": 100.0, "percent_covered_display": "100", "missing_lines": 0, "excluded_lines": 0, "percent_statements_covered": 100.0, "percent_statements_covered_display": "100"}, "missing_lines": [], "excluded_lines": [], "start_line": 21}, "ScopeLevel": {"executed_lines": [], "summary": {"covered_lines": 0, "num_statements": 0, "percent_covered": 100.0, "percent_covered_display": "100", "missing_lines": 0, "excluded_lines": 0, "percent_statements_covered": 100.0, "percent_statements_covered_display": "100"}, "missing_lines": [], "excluded_lines": [], "start_line": 43}, "ParseResult": {"executed_lines": [], "summary": {"covered_lines": 0, "num_statements": 0, "percent_covered": 100.0, "percent_covered_display": "100", "missing_lines": 0, "excluded_lines": 0, "percent_statements_covered": 100.0, "percent_statements_covered_display": "100"}, "missing_lines": [], "excluded_lines": [], "start_line": 54}, "SymbolTable": {"executed_lines": [69, 70, 71, 72, 84, 85, 86, 87, 91, 92, 100, 102, 103, 114, 115, 116, 117, 118, 119, 120, 128, 129, 130, 131, 132, 133, 141], "summary": {"covered_lines": 27, "num_statements": 27, "percent_covered": 100.0, "percent_covered_display": "100", "missing_lines": 0, "excluded_lines": 0, "percent_statements_covered": 100.0, "percent_statements_covered_display": "100"}, "missing_lines": [], "excluded_lines": [], "start_line": 60}, "SymbolExtractor": {"executed_lines": [154, 155, 156, 157, 158, 169, 170, 174, 178, 188, 191, 194, 195, 196, 197, 198, 199, 202, 205, 208, 209, 210, 213, 231, 234, 235, 236, 237, 238, 239, 244, 247, 250, 253, 258, 270, 273, 274, 275, 276, 277, 278, 283, 284, 285, 287, 288, 290, 291, 292, 294, 302, 304, 308, 312, 313, 315, 323, 325, 336, 337, 356, 357, 358, 359, 361, 364, 366, 369, 370, 371, 373, 384, 385, 386, 387], "summary": {"covered_lines": 76, "num_statements": 88, "percent_covered": 86.36363636363636, "percent_covered_display": "86", "missing_lines": 12, "excluded_lines": 0, "percent_statements_covered": 86.36363636363636, "percent_statements_covered_display": "86"}, "missing_lines": [309, 310, 338, 339, 340, 341, 342, 343, 344, 345, 365, 367], "excluded_lines": [], "start_line": 144}, "FileMetadata": {"executed_lines": [], "summary": {"covered_lines": 0, "num_statements": 0, "percent_covered": 100.0, "percent_covered_display": "100", "missing_lines": 0, "excluded_lines": 0, "percent_statements_covered": 100.0, "percent_statements_covered_display": "100"}, "missing_lines": [], "excluded_lines": [], "start_line": 391}, "DependencySeed": {"executed_lines": [], "summary": {"covered_lines": 0, "num_statements": 0, "percent_covered": 100.0, "percent_covered_display": "100", "missing_lines": 0, "excluded_lines": 0, "percent_statements_covered": 100.0, "percent_statements_covered_display": "100"}, "missing_lines": [], "excluded_lines": [], "start_line": 401}, "FileDiscovery": {"executed_lines": [444, 445, 446, 454, 455, 457, 458, 462, 463, 472, 473, 474, 475, 476, 478, 482, 483, 487, 488, 489, 492, 496, 497, 498, 499, 502, 507, 511, 512, 516, 518, 520, 521, 522, 535, 536, 537, 538, 539], "summary": {"covered_lines": 39, "num_statements": 57, "percent_covered": 68.42105263157895, "percent_covered_display": "68", "missing_lines": 18, "excluded_lines": 0, "percent_statements_covered": 68.42105263157895, "percent_statements_covered_display": "68"}, "missing_lines": [459, 460, 484, 485, 493, 500, 501, 503, 504, 505, 513, 514, 519, 523, 524, 540, 541, 542], "excluded_lines": [], "start_line": 414}, "DependencySeedExtractor": {"executed_lines": [554, 565, 566, 567, 568, 569, 570, 575, 576, 577, 578, 580, 582, 583, 584, 587, 588, 589, 590, 591, 592, 595, 596, 597, 599, 601, 617, 618, 619, 620, 621, 622], "summary": {"covered_lines": 32, "num_statements": 35, "percent_covered": 91.42857142857143, "percent_covered_display": "91", "missing_lines": 3, "excluded_lines": 0, "percent_statements_covered": 91.42857142857143, "percent_statements_covered_display": "91"}, "missing_lines": [571, 572, 573], "excluded_lines": [], "start_line": 545}, "PythonIndexer": {"executed_lines": [636, 637, 638, 639, 640, 641, 642, 646, 647, 651, 659, 670, 674, 677, 678, 679, 682, 683, 686, 688, 689, 690, 692, 693, 694, 697, 698, 699, 700, 702, 703, 717, 720, 721, 723, 725, 726, 728, 729, 739, 742, 744, 745, 746, 748, 749, 753, 762, 765, 770, 773, 778, 781, 794, 795, 796, 799, 800, 803, 806, 815, 816, 824, 825, 828, 836, 837, 838, 867, 868, 869, 872, 874, 894, 895, 896, 898, 899, 900, 901, 902, 903, 904, 905, 908, 912, 913, 914, 923, 924, 926, 927, 928, 929, 930, 931, 934, 935, 938, 941, 942, 943, 944, 945, 948, 950, 951, 952, 953, 954, 955, 956, 957, 965, 966, 969, 970, 971], "summary": {"covered_lines": 118, "num_statements": 136, "percent_covered": 86.76470588235294, "percent_covered_display": "87", "missing_lines": 18, "excluded_lines": 0, "percent_statements_covered": 86.76470588235294, "percent_statements_covered_display": "87"}, "missing_lines": [750, 840, 841, 842, 843, 844, 845, 847, 848, 850, 851, 852, 906, 907, 915, 916, 917, 967], "excluded_lines": [], "start_line": 632}, "DTGBuilder": {"executed_lines": [991, 992, 993, 994, 995, 1008, 1009, 1011, 1019, 1020, 1029, 1030, 1032, 1033, 1035, 1036, 1039, 1040, 1048, 1051, 1069, 1070, 1072, 1073, 1075, 1076, 1094, 1095, 1097, 1098, 1126, 1127, 1129, 1155, 1169, 1177, 1180, 1181, 1182, 1188, 1189, 1192, 1194, 1197, 1198, 1199, 1203], "summary": {"covered_lines": 47, "num_statements": 47, "percent_covered": 100.0, "percent_covered_display": "100", "missing_lines": 0, "excluded_lines": 0, "percent_statements_covered": 100.0, "percent_statements_covered_display": "100"}, "missing_lines": [], "excluded_lines": [], "start_line": 974}, "": {"executed_lines": [1, 3, 4, 5, 6, 7, 8, 9, 10, 11, 13, 14, 15, 17, 20, 21, 24, 25, 26, 27, 28, 29, 30, 31, 32, 33, 34, 35, 36, 37, 38, 39, 42, 43, 46, 47, 48, 49, 50, 53, 54, 55, 56, 57, 60, 63, 74, 89, 94, 105, 122, 135, 144, 147, 160, 172, 176, 180, 241, 280, 306, 327, 347, 375, 390, 391, 394, 395, 396, 397, 400, 401, 404, 405, 406, 407, 410, 411, 414, 418, 437, 448, 465, 526, 545, 548, 556, 608, 625, 627, 628, 629, 632, 635, 644, 649, 653, 661, 672, 705, 818, 854, 892, 910, 974, 984, 997, 1022, 1062, 1087, 1109, 1140, 1163, 1171, 1206, 1208, 1209, 1210, 1211, 1212, 1215, 1217, 1218, 1219, 1220], "summary": {"covered_lines": 125, "num_statements": 126, "percent_covered": 99.2063492063492, "percent_covered_display": "99", "missing_lines": 1, "excluded_lines": 0, "percent_statements_covered": 99.2063492063492, "percent_statements_covered_display": "99"}, "missing_lines": [1221], "excluded_lines": [], "start_line": 1}}}, "src/siof/mcp_server.py": {"executed_lines": [7, 9, 10, 11, 12, 13, 14, 15, 16, 18, 19, 21, 24, 25, 28, 29, 30, 31, 32, 33, 34, 36, 37, 38, 41, 42, 45, 46, 47, 48, 49, 50, 53, 56, 111, 112, 122, 123, 124, 127, 128, 129, 132, 133, 136, 137, 140, 142, 146, 148, 150, 151, 152, 153, 155, 158, 161, 163, 165, 172, 173, 178, 185, 191, 192, 193, 194, 196, 205, 208, 218, 224, 225, 226, 227, 228, 229, 230, 236, 238, 240, 241, 243, 252, 253, 255, 257, 260, 261, 262, 263, 272, 279, 280, 281, 290, 291, 292, 300, 303, 304, 305, 308, 309, 313, 314, 316, 318, 337, 347, 348, 349, 350, 351, 353, 354, 355, 356, 358, 359, 360, 361, 362, 363, 370, 371, 372, 374, 375, 376, 378, 379, 380, 381, 383, 384, 385, 389, 395, 400, 407, 414, 415, 416, 417, 418, 420, 421, 422, 424, 425, 426, 434, 435, 436, 437, 438, 439, 440, 444, 445, 455], "summary": {"covered_lines": 162, "num_statements": 178, "percent_covered": 91.01123595505618, "percent_covered_display": "91", "missing_lines": 16, "excluded_lines": 0, "percent_statements_covered": 91.01123595505618, "percent_statements_covered_display": "91"}, "missing_lines": [134, 141, 143, 147, 149, 326, 327, 328, 329, 387, 419, 446, 447, 448, 452, 453], "excluded_lines": [], "functions": {"MCPRequest.__post_init__": {"executed_lines": [37, 38], "summary": {"covered_lines": 2, "num_statements": 2, "percent_covered": 100.0, "percent_covered_display": "100", "missing_lines": 0, "excluded_lines": 0, "percent_statements_covered": 100.0, "percent_statements_covered_display": "100"}, "missing_lines": [], "excluded_lines": [], "start_line": 36}, "SchemaValidator.validate": {"executed_lines": [122, 123, 124, 127, 128, 129, 132, 133, 136, 137, 140, 142, 146, 148, 150, 151, 152, 153, 155], "summary": {"covered_lines": 19, "num_statements": 24, "percent_covered": 79.16666666666667, "percent_covered_display": "79", "missing_lines": 5, "excluded_lines": 0, "percent_statements_covered": 79.16666666666667, "percent_statements_covered_display": "79"}, "missing_lines": [134, 141, 143, 147, 149], "excluded_lines": [], "start_line": 112}, "Tracer.__init__": {"executed_lines": [163], "summary": {"covered_lines": 1, "num_statements": 1, "percent_covered": 100.0, "percent_covered_display": "100", "missing_lines": 0, "excluded_lines": 0, "percent_statements_covered": 100.0, "percent_statements_covered_display": "100"}, "missing_lines": [], "excluded_lines": [], "start_line": 161}, "Tracer.start_span": {"executed_lines": [172, 173, 178], "summary": {"covered_lines": 3, "num_statements": 3, "percent_covered": 100.0, "percent_covered_display": "100", "missing_lines": 0, "excluded_lines": 0, "percent_statements_covered": 100.0, "percent_statements_covered_display": "100"}, "missing_lines": [], "excluded_lines": [], "start_line": 165}, "Tracer.end_span": {"executed_lines": [191, 192, 193, 194], "summary": {"covered_lines": 4, "num_statements": 4, "percent_covered": 100.0, "percent_covered_display": "100", "missing_lines": 0, "excluded_lines": 0, "percent_statements_covered": 100.0, "percent_statements_covered_display": "100"}, "missing_lines": [], "excluded_lines": [], "start_line": 185}, "Tracer.get_trace": {"executed_lines": [205], "summary": {"covered_lines": 1, "num_statements": 1, "percent_covered": 100.0, "percent_covered_display": "100", "missing_lines": 0, "excluded_lines": 0, "percent_statements_covered": 100.0, "percent_statements_covered_display": "100"}, "missing_lines": [], "excluded_lines": [], "start_line": 196}, "MCPGraphServer.__init__": {"executed_lines": [224, 225, 226, 227, 228, 229, 230, 236], "summary": {"covered_lines": 8, "num_statements": 8, "percent_covered": 100.0, "percent_covered_display": "100", "missing_lines": 0, "excluded_lines": 0, "percent_statements_covered": 100.0, "percent_statements_covered_display": "100"}, "missing_lines": [], "excluded_lines": [], "start_line": 218}, "MCPGraphServer.close": {"executed_lines": [240, 241], "summary": {"covered_lines": 2, "num_statements": 2, "percent_covered": 100.0, "percent_covered_display": "100", "missing_lines": 0, "excluded_lines": 0, "percent_statements_covered": 100.0, "percent_statements_covered_display": "100"}, "missing_lines": [], "excluded_lines": [], "start_line": 238}, "MCPGraphServer.handle": {"executed_lines": [252, 253, 255, 257, 260, 261, 262, 263, 272, 279, 280, 281, 290, 291, 292, 300, 303, 304, 305, 308, 309, 313, 314, 316, 318], "summary": {"covered_lines": 25, "num_statements": 29, "percent_covered": 86.20689655172414, "percent_covered_display": "86", "missing_lines": 4, "excluded_lines": 0, "percent_statements_covered": 86.20689655172414, "percent_statements_covered_display": "86"}, "missing_lines": [326, 327, 328, 329], "excluded_lines": [], "start_line": 243}, "MCPGraphServer._execute_tool": {"executed_lines": [347, 348, 349, 350, 351, 353, 354, 355, 356, 358, 359, 360, 361, 362, 363, 370, 371, 372, 374, 375, 376, 378, 379, 380, 381, 383, 384, 385], "summary": {"covered_lines": 28, "num_statements": 29, "percent_covered": 96.55172413793103, "percent_covered_display": "97", "missing_lines": 1, "excluded_lines": 0, "percent_statements_covered": 96.55172413793103, "percent_statements_covered_display": "97"}, "missing_lines": [387], "excluded_lines": [], "start_line": 337}, "MCPGraphServer.get_metrics": {"executed_lines": [395, 400], "summary": {"covered_lines": 2, "num_statements": 2, "percent_covered": 100.0, "percent_covered_display": "100", "missing_lines": 0, "excluded_lines": 0, "percent_statements_covered": 100.0, "percent_statements_covered_display": "100"}, "missing_lines": [], "excluded_lines": [], "start_line": 389}, "MCPGraphServer.serve_stdio": {"executed_lines": [414, 415, 416, 417, 418, 420, 421, 422, 424, 425, 426, 434, 435, 436, 437, 438, 439, 440, 444, 445, 455], "summary": {"covered_lines": 21, "num_statements": 27, "percent_covered": 77.77777777777777, "percent_covered_display": "78", "missing_lines": 6, "excluded_lines": 0, "percent_statements_covered": 77.77777777777777, "percent_statements_covered_display": "78"}, "missing_lines": [419, 446, 447, 448, 452, 453], "excluded_lines": [], "start_line": 407}, "": {"executed_lines": [7, 9, 10, 11, 12, 13, 14, 15, 16, 18, 19, 21, 24, 25, 28, 29, 30, 31, 32, 33, 34, 36, 41, 42, 45, 46, 47, 48, 49, 50, 53, 56, 111, 112, 158, 161, 165, 185, 196, 208, 218, 238, 243, 337, 389, 407], "summary": {"covered_lines": 46, "num_statements": 46, "percent_covered": 100.0, "percent_covered_display": "100", "missing_lines": 0, "excluded_lines": 0, "percent_statements_covered": 100.0, "percent_statements_covered_display": "100"}, "missing_lines": [], "excluded_lines": [], "start_line": 1}}, "classes": {"MCPRequest": {"executed_lines": [37, 38], "summary": {"covered_lines": 2, "num_statements": 2, "percent_covered": 100.0, "percent_covered_display": "100", "missing_lines": 0, "excluded_lines": 0, "percent_statements_covered": 100.0, "percent_statements_covered_display": "100"}, "missing_lines": [], "excluded_lines": [], "start_line": 25}, "MCPResponse": {"executed_lines": [], "summary": {"covered_lines": 0, "num_statements": 0, "percent_covered": 100.0, "percent_covered_display": "100", "missing_lines": 0, "excluded_lines": 0, "percent_statements_covered": 100.0, "percent_statements_covered_display": "100"}, "missing_lines": [], "excluded_lines": [], "start_line": 42}, "SchemaValidator": {"executed_lines": [122, 123, 124, 127, 128, 129, 132, 133, 136, 137, 140, 142, 146, 148, 150, 151, 152, 153, 155], "summary": {"covered_lines": 19, "num_statements": 24, "percent_covered": 79.16666666666667, "percent_c
[...]
y": "100", "missing_lines": 0, "excluded_lines": 0, "percent_statements_covered": 100.0, "percent_statements_covered_display": "100"}, "missing_lines": [], "excluded_lines": [], "start_line": 191}, "MockVectorStore.add_embedding": {"executed_lines": [195], "summary": {"covered_lines": 1, "num_statements": 1, "percent_covered": 100.0, "percent_covered_display": "100", "missing_lines": 0, "excluded_lines": 0, "percent_statements_covered": 100.0, "percent_statements_covered_display": "100"}, "missing_lines": [], "excluded_lines": [], "start_line": 194}, "MockVectorStore.search": {"executed_lines": [201, 202, 204, 205, 220], "summary": {"covered_lines": 5, "num_statements": 5, "percent_covered": 100.0, "percent_covered_display": "100", "missing_lines": 0, "excluded_lines": 0, "percent_statements_covered": 100.0, "percent_statements_covered_display": "100"}, "missing_lines": [], "excluded_lines": [], "start_line": 197}, "MockVectorStore.delete_embedding": {"executed_lines": [223], "summary": {"covered_lines": 1, "num_statements": 1, "percent_covered": 100.0, "percent_covered_display": "100", "missing_lines": 0, "excluded_lines": 0, "percent_statements_covered": 100.0, "percent_statements_covered_display": "100"}, "missing_lines": [], "excluded_lines": [], "start_line": 222}, "MockVectorStore.clear": {"executed_lines": [226], "summary": {"covered_lines": 1, "num_statements": 1, "percent_covered": 100.0, "percent_covered_display": "100", "missing_lines": 0, "excluded_lines": 0, "percent_statements_covered": 100.0, "percent_statements_covered_display": "100"}, "missing_lines": [], "excluded_lines": [], "start_line": 225}, "MockCodeEmbedder.embed_code": {"executed_lines": [234], "summary": {"covered_lines": 1, "num_statements": 1, "percent_covered": 100.0, "percent_covered_display": "100", "missing_lines": 0, "excluded_lines": 0, "percent_statements_covered": 100.0, "percent_statements_covered_display": "100"}, "missing_lines": [], "excluded_lines": [], "start_line": 232}, "MockCodeEmbedder.embed_query": {"executed_lines": [238], "summary": {"covered_lines": 1, "num_statements": 1, "percent_covered": 100.0, "percent_covered_display": "100", "missing_lines": 0, "excluded_lines": 0, "percent_statements_covered": 100.0, "percent_statements_covered_display": "100"}, "missing_lines": [], "excluded_lines": [], "start_line": 236}, "MockParallelExecutor.__init__": {"executed_lines": [250, 251, 252], "summary": {"covered_lines": 3, "num_statements": 3, "percent_covered": 100.0, "percent_covered_display": "100", "missing_lines": 0, "excluded_lines": 0, "percent_statements_covered": 100.0, "percent_statements_covered_display": "100"}, "missing_lines": [], "excluded_lines": [], "start_line": 249}, "MockParallelExecutor.submit": {"executed_lines": [255, 256, 259, 266, 267], "summary": {"covered_lines": 5, "num_statements": 5, "percent_covered": 100.0, "percent_covered_display": "100", "missing_lines": 0, "excluded_lines": 0, "percent_statements_covered": 100.0, "percent_statements_covered_display": "100"}, "missing_lines": [], "excluded_lines": [], "start_line": 254}, "MockParallelExecutor.get_results": {"executed_lines": [270, 271], "summary": {"covered_lines": 2, "num_statements": 2, "percent_covered": 100.0, "percent_covered_display": "100", "missing_lines": 0, "excluded_lines": 0, "percent_statements_covered": 100.0, "percent_statements_covered_display": "100"}, "missing_lines": [], "excluded_lines": [], "start_line": 269}, "MockParallelExecutor.shutdown": {"executed_lines": [274, 275], "summary": {"covered_lines": 2, "num_statements": 2, "percent_covered": 100.0, "percent_covered_display": "100", "missing_lines": 0, "excluded_lines": 0, "percent_statements_covered": 100.0, "percent_statements_covered_display": "100"}, "missing_lines": [], "excluded_lines": [], "start_line": 273}, "MockParallelExecutor.get_stats": {"executed_lines": [278], "summary": {"covered_lines": 1, "num_statements": 1, "percent_covered": 100.0, "percent_covered_display": "100", "missing_lines": 0, "excluded_lines": 0, "percent_statements_covered": 100.0, "percent_statements_covered_display": "100"}, "missing_lines": [], "excluded_lines": [], "start_line": 277}, "MockMetricsCollector.__init__": {"executed_lines": [290], "summary": {"covered_lines": 1, "num_statements": 1, "percent_covered": 100.0, "percent_covered_display": "100", "missing_lines": 0, "excluded_lines": 0, "percent_statements_covered": 100.0, "percent_statements_covered_display": "100"}, "missing_lines": [], "excluded_lines": [], "start_line": 289}, "MockMetricsCollector.record_counter": {"executed_lines": [293], "summary": {"covered_lines": 1, "num_statements": 1, "percent_covered": 100.0, "percent_covered_display": "100", "missing_lines": 0, "excluded_lines": 0, "percent_statements_covered": 100.0, "percent_statements_covered_display": "100"}, "missing_lines": [], "excluded_lines": [], "start_line": 292}, "MockMetricsCollector.record_gauge": {"executed_lines": [298], "summary": {"covered_lines": 1, "num_statements": 1, "percent_covered": 100.0, "percent_covered_display": "100", "missing_lines": 0, "excluded_lines": 0, "percent_statements_covered": 100.0, "percent_statements_covered_display": "100"}, "missing_lines": [], "excluded_lines": [], "start_line": 297}, "MockMetricsCollector.record_histogram": {"executed_lines": [305], "summary": {"covered_lines": 1, "num_statements": 1, "percent_covered": 100.0, "percent_covered_display": "100", "missing_lines": 0, "excluded_lines": 0, "percent_statements_covered": 100.0, "percent_statements_covered_display": "100"}, "missing_lines": [], "excluded_lines": [], "start_line": 302}, "MockMetricsCollector.get_metrics": {"executed_lines": [310], "summary": {"covered_lines": 1, "num_statements": 1, "percent_covered": 100.0, "percent_covered_display": "100", "missing_lines": 0, "excluded_lines": 0, "percent_statements_covered": 100.0, "percent_statements_covered_display": "100"}, "missing_lines": [], "excluded_lines": [], "start_line": 309}, "MockTracingProvider.__init__": {"executed_lines": [317, 318], "summary": {"covered_lines": 2, "num_statements": 2, "percent_covered": 100.0, "percent_covered_display": "100", "missing_lines": 0, "excluded_lines": 0, "percent_statements_covered": 100.0, "percent_statements_covered_display": "100"}, "missing_lines": [], "excluded_lines": [], "start_line": 316}, "MockTracingProvider.start_span": {"executed_lines": [321, 322, 330, 331], "summary": {"covered_lines": 4, "num_statements": 4, "percent_covered": 100.0, "percent_covered_display": "100", "missing_lines": 0, "excluded_lines": 0, "percent_statements_covered": 100.0, "percent_statements_covered_display": "100"}, "missing_lines": [], "excluded_lines": [], "start_line": 320}, "MockTracingProvider.end_span": {"executed_lines": [334, 335, 336], "summary": {"covered_lines": 3, "num_statements": 3, "percent_covered": 100.0, "percent_covered_display": "100", "missing_lines": 0, "excluded_lines": 0, "percent_statements_covered": 100.0, "percent_statements_covered_display": "100"}, "missing_lines": [], "excluded_lines": [], "start_line": 333}, "MockTracingProvider.add_span_tag": {"executed_lines": [339], "summary": {"covered_lines": 1, "num_statements": 1, "percent_covered": 100.0, "percent_covered_display": "100", "missing_lines": 0, "excluded_lines": 0, "percent_statements_covered": 100.0, "percent_statements_covered_display": "100"}, "missing_lines": [], "excluded_lines": [], "start_line": 338}, "MockTracingProvider.get_trace": {"executed_lines": [342], "summary": {"covered_lines": 1, "num_statements": 1, "percent_covered": 100.0, "percent_covered_display": "100", "missing_lines": 0, "excluded_lines": 0, "percent_statements_covered": 100.0, "percent_statements_covered_display": "100"}, "missing_lines": [], "excluded_lines": [], "start_line": 341}, "": {"executed_lines": [9, 11, 12, 13, 14, 16, 44, 47, 52, 55, 58, 61, 64, 67, 75, 81, 91, 94, 97, 106, 110, 113, 116, 125, 128, 132, 157, 165, 168, 188, 191, 194, 197, 222, 225, 229, 232, 236, 246, 249, 254, 269, 273, 277, 286, 289, 292, 297, 302, 309, 313, 316, 320, 333, 338, 341], "summary": {"covered_lines": 56, "num_statements": 56, "percent_covered": 100.0, "percent_covered_display": "100", "missing_lines": 0, "excluded_lines": 0, "percent_statements_covered": 100.0, "percent_statements_covered_display": "100"}, "missing_lines": [], "excluded_lines": [], "start_line": 1}}, "classes": {"MockStorageBackend": {"executed_lines": [48, 49, 50, 53, 56, 59, 62, 65, 76, 77, 78, 79, 82, 83], "summary": {"covered_lines": 14, "num_statements": 15, "percent_covered": 93.33333333333333, "percent_covered_display": "93", "missing_lines": 1, "excluded_lines": 0, "percent_statements_covered": 93.33333333333333, "percent_statements_covered_display": "93"}, "missing_lines": [69], "excluded_lines": [], "start_line": 44}, "MockCacheBackend": {"executed_lines": [95, 98, 99, 100, 101, 102, 103, 104, 107, 108, 111, 114, 117], "summary": {"covered_lines": 13, "num_statements": 13, "percent_covered": 100.0, "percent_covered_display": "100", "missing_lines": 0, "excluded_lines": 0, "percent_statements_covered": 100.0, "percent_statements_covered_display": "100"}, "missing_lines": [], "excluded_lines": [], "start_line": 91}, "MockAuthProvider": {"executed_lines": [129, 130, 133, 134, 137, 138, 146, 148, 154, 155, 158, 159, 160, 161, 163, 166, 169, 170, 173, 179, 180], "summary": {"covered_lines": 21, "num_statements": 23, "percent_covered": 91.30434782608695, "percent_covered_display": "91", "missing_lines": 2, "excluded_lines": 0, "percent_statements_covered": 91.30434782608695, "percent_statements_covered_display": "91"}, "missing_lines": [162, 171], "excluded_lines": [], "start_line": 125}, "MockVectorStore": {"executed_lines": [192, 195, 201, 202, 204, 205, 220, 223, 226], "summary": {"covered_lines": 9, "num_statements": 9, "percent_covered": 100.0, "percent_covered_display": "100", "missing_lines": 0, "excluded_lines": 0, "percent_statements_covered": 100.0, "percent_statements_covered_display": "100"}, "missing_lines": [], "excluded_lines": [], "start_line": 188}, "MockCodeEmbedder": {"executed_lines": [234, 238], "summary": {"covered_lines": 2, "num_statements": 2, "percent_covered": 100.0, "percent_covered_display": "100", "missing_lines": 0, "excluded_lines": 0, "percent_statements_covered": 100.0, "percent_statements_covered_display": "100"}, "missing_lines": [], "excluded_lines": [], "start_line": 229}, "MockParallelExecutor": {"executed_lines": [250, 251, 252, 255, 256, 259, 266, 267, 270, 271, 274, 275, 278], "summary": {"covered_lines": 13, "num_statements": 13, "percent_covered": 100.0, "percent_covered_display": "100", "missing_lines": 0, "excluded_lines": 0, "percent_statements_covered": 100.0, "percent_statements_covered_display": "100"}, "missing_lines": [], "excluded_lines": [], "start_line": 246}, "MockMetricsCollector": {"executed_lines": [290, 293, 298, 305, 310], "summary": {"covered_lines": 5, "num_statements": 5, "percent_covered": 100.0, "percent_covered_display": "100", "missing_lines": 0, "excluded_lines": 0, "percent_statements_covered": 100.0, "percent_statements_covered_display": "100"}, "missing_lines": [], "excluded_lines": [], "start_line": 286}, "MockTracingProvider": {"executed_lines": [317, 318, 321, 322, 330, 331, 334, 335, 336, 339, 342], "summary": {"covered_lines": 11, "num_statements": 11, "percent_covered": 100.0, "percent_covered_display": "100", "missing_lines": 0, "excluded_lines": 0, "percent_statements_covered": 100.0, "percent_statements_covered_display": "100"}, "missing_lines": [], "excluded_lines": [], "start_line": 313}, "": {"executed_lines": [9, 11, 12, 13, 14, 16, 44, 47, 52, 55, 58, 61, 64, 67, 75, 81, 91, 94, 97, 106, 110, 113, 116, 125, 128, 132, 157, 165, 168, 188, 191, 194, 197, 222, 225, 229, 232, 236, 246, 249, 254, 269, 273, 277, 286, 289, 292, 297, 302, 309, 313, 316, 320, 333, 338, 341], "summary": {"covered_lines": 56, "num_statements": 56, "percent_covered": 100.0, "percent_covered_display": "100", "missing_lines": 0, "excluded_lines": 0, "percent_statements_covered": 100.0, "percent_statements_covered_display": "100"}, "missing_lines": [], "excluded_lines": [], "start_line": 1}}}, "src/siof/verifier.py": {"executed_lines": [3, 5, 6, 7, 9, 11, 14, 15, 18, 19, 20, 21, 22, 23, 24, 25, 26, 29, 32, 38, 39, 41, 54, 57, 58, 60, 63, 64, 65, 68, 69, 70, 73, 74, 75, 78, 79, 80, 83, 84, 85, 87, 89, 101, 102, 104, 110, 111, 113, 119, 122, 124, 133, 134, 135, 136, 138, 147, 148, 149, 150, 152, 164, 165, 166, 168, 172, 173, 174, 176, 190, 191, 194, 196, 198, 201, 202, 204, 205, 206, 208, 211, 212, 213, 216, 218, 219, 220, 222, 235, 236, 237, 239, 240, 241, 243, 244, 245, 247, 249, 250, 251, 253, 254, 255, 256, 258, 259, 260, 262, 265, 266, 267, 269, 270, 271, 273, 279, 280, 283, 284, 285, 286, 288, 289, 290, 291, 294, 296, 306, 307], "summary": {"covered_lines": 131, "num_statements": 132, "percent_covered": 99.24242424242425, "percent_covered_display": "99", "missing_lines": 1, "excluded_lines": 0, "percent_statements_covered": 99.24242424242425, "percent_statements_covered_display": "99"}, "missing_lines": [207], "excluded_lines": [], "functions": {"GraphVerifier.__init__": {"executed_lines": [38, 39], "summary": {"covered_lines": 2, "num_statements": 2, "percent_covered": 100.0, "percent_covered_display": "100", "missing_lines": 0, "excluded_lines": 0, "percent_statements_covered": 100.0, "percent_statements_covered_display": "100"}, "missing_lines": [], "excluded_lines": [], "start_line": 32}, "GraphVerifier.verify": {"executed_lines": [54, 57, 58, 60, 63, 64, 65, 68, 69, 70, 73, 74, 75, 78, 79, 80, 83, 84, 85, 87, 89, 101, 102], "summary": {"covered_lines": 23, "num_statements": 23, "percent_covered": 100.0, "percent_covered_display": "100", "missing_lines": 0, "excluded_lines": 0, "percent_statements_covered": 100.0, "percent_statements_covered_display": "100"}, "missing_lines": [], "excluded_lines": [], "start_line": 41}, "GraphVerifier._fetch_nodes": {"executed_lines": [110, 111], "summary": {"covered_lines": 2, "num_statements": 2, "percent_covered": 100.0, "percent_covered_display": "100", "missing_lines": 0, "excluded_lines": 0, "percent_statements_covered": 100.0, "percent_statements_covered_display": "100"}, "missing_lines": [], "excluded_lines": [], "start_line": 104}, "GraphVerifier._fetch_edges": {"executed_lines": [119, 122], "summary": {"covered_lines": 2, "num_statements": 2, "percent_covered": 100.0, "percent_covered_display": "100", "missing_lines": 0, "excluded_lines": 0, "percent_statements_covered": 100.0, "percent_statements_covered_display": "100"}, "missing_lines": [], "excluded_lines": [], "start_line": 113}, "GraphVerifier._check_self_loops": {"executed_lines": [133, 134, 135, 136], "summary": {"covered_lines": 4, "num_statements": 4, "percent_covered": 100.0, "percent_covered_display": "100", "missing_lines": 0, "excluded_lines": 0, "percent_statements_covered": 100.0, "percent_statements_covered_display": "100"}, "missing_lines": [], "excluded_lines": [], "start_line": 124}, "GraphVerifier._check_confidence_bounds": {"executed_lines": [147, 148, 149, 150], "summary": {"covered_lines": 4, "num_statements": 4, "percent_covered": 100.0, "percent_covered_display": "100", "missing_lines": 0, "excluded_lines": 0, "percent_statements_covered": 100.0, "percent_statements_covered_display": "100"}, "missing_lines": [], "excluded_lines": [], "start_line": 138}, "GraphVerifier._find_dead_nodes": {"executed_lines": [164, 165, 166, 168, 172, 173, 174], "summary": {"covered_lines": 7, "num_statements": 7, "percent_covered": 100.0, "percent_covered_display": "100", "missing_lines": 0, "excluded_lines": 0, "percent_statements_covered": 100.0, "percent_statements_covered_display": "100"}, "missing_lines": [], "excluded_lines": [], "start_line": 152}, "GraphVerifier._find_orphaned_nodes": {"executed_lines": [190, 191, 194, 196, 198, 201, 202, 204, 205, 206, 208, 211, 212, 213, 216, 218, 219, 220], "summary": {"covered_lines": 18, "num_statements": 19, "percent_covered": 94.73684210526316, "percent_covered_display": "95", "missing_lines": 1, "excluded_lines": 0, "percent_statements_covered": 94.73684210526316, "percent_statements_covered_display": "95"}, "missing_lines": [207], "excluded_lines": [], "start_line": 176}, "GraphVerifier._detect_cycles": {"executed_lines": [235, 236, 237, 239, 240, 241, 243, 244, 245, 247, 265, 266, 267, 269, 270, 271], "summary": {"covered_lines": 16, "num_statements": 16, "percent_covered": 100.0, "percent_covered_display": "100", "missing_lines": 0, "excluded_lines": 0, "percent_statements_covered": 100.0, "percent_statements_covered_display": "100"}, "missing_lines": [], "excluded_lines": [], "start_line": 222}, "GraphVerifier._detect_cycles.dfs": {"executed_lines": [249, 250, 251, 253, 254, 255, 256, 258, 259, 260, 262], "summary": {"covered_lines": 11, "num_statements": 11, "percent_covered": 100.0, "percent_covered_display": "100", "missing_lines": 0, "excluded_lines": 0, "percent_statements_covered": 100.0, "percent_statements_covered_display": "100"}, "missing_lines": [], "excluded_lines": [], "start_line": 247}, "GraphVerifier.get_statistics": {"executed_lines": [279, 280, 283, 284, 285, 286, 288, 289, 290, 291, 294, 296, 306, 307], "summary": {"covered_lines": 14, "num_statements": 14, "percent_covered": 100.0, "percent_covered_display": "100", "missing_lines": 0, "excluded_lines": 0, "percent_statements_covered": 100.0, "percent_statements_covered_display": "100"}, "missing_lines": [], "excluded_lines": [], "start_line": 273}, "": {"executed_lines": [3, 5, 6, 7, 9, 11, 14, 15, 18, 19, 20, 21, 22, 23, 24, 25, 26, 29, 32, 41, 104, 113, 124, 138, 152, 176, 222, 273], "summary": {"covered_lines": 28, "num_statements": 28, "percent_covered": 100.0, "percent_covered_display": "100", "missing_lines": 0, "excluded_lines": 0, "percent_statements_covered": 100.0, "percent_statements_covered_display": "100"}, "missing_lines": [], "excluded_lines": [], "start_line": 1}}, "classes": {"VerificationResult": {"executed_lines": [], "summary": {"covered_lines": 0, "num_statements": 0, "percent_covered": 100.0, "percent_covered_display": "100", "missing_lines": 0, "excluded_lines": 0, "percent_statements_covered": 100.0, "percent_statements_covered_display": "100"}, "missing_lines": [], "excluded_lines": [], "start_line": 15}, "GraphVerifier": {"executed_lines": [38, 39, 54, 57, 58, 60, 63, 64, 65, 68, 69, 70, 73, 74, 75, 78, 79, 80, 83, 84, 85, 87, 89, 101, 102, 110, 111, 119, 122, 133, 134, 135, 136, 147, 148, 149, 150, 164, 165, 166, 168, 172, 173, 174, 190, 191, 194, 196, 198, 201, 202, 204, 205, 206, 208, 211, 212, 213, 216, 218, 219, 220, 235, 236, 237, 239, 240, 241, 243, 244, 245, 247, 249, 250, 251, 253, 254, 255, 256, 258, 259, 260, 262, 265, 266, 267, 269, 270, 271, 279, 280, 283, 284, 285, 286, 288, 289, 290, 291, 294, 296, 306, 307], "summary": {"covered_lines": 103, "num_statements": 104, "percent_covered": 99.03846153846153, "percent_covered_display": "99", "missing_lines": 1, "excluded_lines": 0, "percent_statements_covered": 99.03846153846153, "percent_statements_covered_display": "99"}, "missing_lines": [207], "excluded_lines": [], "start_line": 29}, "": {"executed_lines": [3, 5, 6, 7, 9, 11, 14, 15, 18, 19, 20, 21, 22, 23, 24, 25, 26, 29, 32, 41, 104, 113, 124, 138, 152, 176, 222, 273], "summary": {"covered_lines": 28, "num_statements": 28, "percent_covered": 100.0, "percent_covered_display": "100", "missing_lines": 0, "excluded_lines": 0, "percent_statements_covered": 100.0, "percent_statements_covered_display": "100"}, "missing_lines": [], "excluded_lines": [], "start_line": 1}}}}, "totals": {"covered_lines": 2490, "num_statements": 2714, "percent_covered": 91.74649963154016, "percent_covered_display": "92", "missing_lines": 224, "excluded_lines": 0, "percent_statements_covered": 91.74649963154016, "percent_statements_covered_display": "92"}}